SF:/home/runner/work/deacon/deacon/crates/core/src/cache.rs
FN:110,_RINvNtCshLLWmVuQQJZ_11deacon_core5cache8hash_keypEB4_
FN:86,_RNCNvMs_NtCshLLWmVuQQJZ_11deacon_core5cacheINtB6_8TtlEntrypE3new0B8_
FN:95,_RNvMs_NtCshLLWmVuQQJZ_11deacon_core5cacheINtB4_8TtlEntrypE10is_expiredB6_
FN:81,_RNvMs_NtCshLLWmVuQQJZ_11deacon_core5cacheINtB4_8TtlEntrypE3newB6_
FN:40,_RNvYpINtNtCshLLWmVuQQJZ_11deacon_core5cache5CacheppE8is_emptyB8_
FN:40,_RNvYpINtNtCs1G9XuckPzNo_11deacon_core5cache5CacheppE8is_emptyB8_
FN:110,_RINvNtCs1G9XuckPzNo_11deacon_core5cache8hash_keyNtNtCs8Ty2CzGA6U3_5alloc6string6StringEB4_
FN:110,_RINvNtCs1G9XuckPzNo_11deacon_core5cache8hash_keyReEB4_
FN:86,_RNCNvMs_NtCs1G9XuckPzNo_11deacon_core5cacheINtB6_8TtlEntryNtNtCs8Ty2CzGA6U3_5alloc6string6StringE3new0B8_
FN:86,_RNCNvMs_NtCs1G9XuckPzNo_11deacon_core5cacheINtB6_8TtlEntryReE3new0B8_
FN:95,_RNvMs_NtCs1G9XuckPzNo_11deacon_core5cacheINtB4_8TtlEntryNtNtCs8Ty2CzGA6U3_5alloc6string6StringE10is_expiredB6_
FN:81,_RNvMs_NtCs1G9XuckPzNo_11deacon_core5cacheINtB4_8TtlEntryNtNtCs8Ty2CzGA6U3_5alloc6string6StringE3newB6_
FN:95,_RNvMs_NtCs1G9XuckPzNo_11deacon_core5cacheINtB4_8TtlEntryReE10is_expiredB6_
FN:81,_RNvMs_NtCs1G9XuckPzNo_11deacon_core5cacheINtB4_8TtlEntryReE3newB6_
FN:59,_RNvMNtCs1G9XuckPzNo_11deacon_core5cacheNtB2_10CacheStats3new
FN:63,_RNvMNtCs1G9XuckPzNo_11deacon_core5cacheNtB2_10CacheStats8hit_rate
FN:148,_RNvNtNtCs1G9XuckPzNo_11deacon_core5cache5testss_13test_hash_key
FN:163,_RNvNtNtCs1G9XuckPzNo_11deacon_core5cache5testss_16test_cache_stats
FN:140,_RNvNtNtCs1G9XuckPzNo_11deacon_core5cache5testss_22test_ttl_entry_expired
FN:123,_RNvNtNtCs1G9XuckPzNo_11deacon_core5cache5testss_23test_ttl_entry_creation
FN:132,_RNvNtNtCs1G9XuckPzNo_11deacon_core5cache5testss_28test_ttl_entry_no_expiration
FNDA:0,_RINvNtCshLLWmVuQQJZ_11deacon_core5cache8hash_keypEB4_
FNDA:0,_RNCNvMs_NtCshLLWmVuQQJZ_11deacon_core5cacheINtB6_8TtlEntrypE3new0B8_
FNDA:0,_RNvMs_NtCshLLWmVuQQJZ_11deacon_core5cacheINtB4_8TtlEntrypE10is_expiredB6_
FNDA:0,_RNvMs_NtCshLLWmVuQQJZ_11deacon_core5cacheINtB4_8TtlEntrypE3newB6_
FNDA:0,_RNvYpINtNtCshLLWmVuQQJZ_11deacon_core5cache5CacheppE8is_emptyB8_
FNDA:0,_RNvYpINtNtCs1G9XuckPzNo_11deacon_core5cache5CacheppE8is_emptyB8_
FNDA:46,_RINvNtCs1G9XuckPzNo_11deacon_core5cache8hash_keyNtNtCs8Ty2CzGA6U3_5alloc6string6StringEB4_
FNDA:3,_RINvNtCs1G9XuckPzNo_11deacon_core5cache8hash_keyReEB4_
FNDA:4,_RNCNvMs_NtCs1G9XuckPzNo_11deacon_core5cacheINtB6_8TtlEntryNtNtCs8Ty2CzGA6U3_5alloc6string6StringE3new0B8_
FNDA:2,_RNCNvMs_NtCs1G9XuckPzNo_11deacon_core5cacheINtB6_8TtlEntryReE3new0B8_
FNDA:63,_RNvMs_NtCs1G9XuckPzNo_11deacon_core5cacheINtB4_8TtlEntryNtNtCs8Ty2CzGA6U3_5alloc6string6StringE10is_expiredB6_
FNDA:64,_RNvMs_NtCs1G9XuckPzNo_11deacon_core5cacheINtB4_8TtlEntryNtNtCs8Ty2CzGA6U3_5alloc6string6StringE3newB6_
FNDA:3,_RNvMs_NtCs1G9XuckPzNo_11deacon_core5cacheINtB4_8TtlEntryReE10is_expiredB6_
FNDA:3,_RNvMs_NtCs1G9XuckPzNo_11deacon_core5cacheINtB4_8TtlEntryReE3newB6_
FNDA:29,_RNvMNtCs1G9XuckPzNo_11deacon_core5cacheNtB2_10CacheStats3new
FNDA:4,_RNvMNtCs1G9XuckPzNo_11deacon_core5cacheNtB2_10CacheStats8hit_rate
FNDA:1,_RNvNtNtCs1G9XuckPzNo_11deacon_core5cache5testss_13test_hash_key
FNDA:1,_RNvNtNtCs1G9XuckPzNo_11deacon_core5cache5testss_16test_cache_stats
FNDA:1,_RNvNtNtCs1G9XuckPzNo_11deacon_core5cache5testss_22test_ttl_entry_expired
FNDA:1,_RNvNtNtCs1G9XuckPzNo_11deacon_core5cache5testss_23test_ttl_entry_creation
FNDA:1,_RNvNtNtCs1G9XuckPzNo_11deacon_core5cache5testss_28test_ttl_entry_no_expiration
FNF:12
FNH:11
DA:40,0
DA:41,0
DA:42,0
DA:59,29
DA:60,29
DA:61,29
DA:63,4
DA:64,4
DA:65,1
DA:67,3
DA:69,4
DA:81,67
DA:82,67
DA:83,67
DA:84,67
DA:85,67
DA:86,67
DA:88,67
DA:89,67
DA:90,67
DA:91,67
DA:92,67
DA:93,67
DA:95,66
DA:96,66
DA:97,7
DA:98,7
DA:99,7
DA:100,7
DA:101,7
DA:102,7
DA:104,59
DA:106,66
DA:110,49
DA:111,49
DA:112,49
DA:113,49
DA:114,49
DA:115,49
DA:123,1
DA:124,1
DA:125,1
DA:126,1
DA:127,1
DA:128,1
DA:129,1
DA:132,1
DA:133,1
DA:134,1
DA:135,1
DA:136,1
DA:137,1
DA:140,1
DA:141,1
DA:143,1
DA:144,1
DA:145,1
DA:148,1
DA:149,1
DA:150,1
DA:151,1
DA:153,1
DA:154,1
DA:155,1
DA:157,1
DA:158,1
DA:159,1
DA:160,1
DA:163,1
DA:164,1
DA:165,1
DA:166,1
DA:167,1
DA:169,1
DA:170,1
DA:171,1
DA:172,1
DA:173,1
DA:174,1
DA:175,1
DA:176,1
DA:177,1
BRF:0
BRH:0
LF:83
LH:80
end_of_record
SF:/home/runner/work/deacon/deacon/crates/core/src/cache/disk.rs
FN:43,_RINvMNtNtCshLLWmVuQQJZ_11deacon_core5cache4diskINtB3_9DiskCacheppE3newpEB7_
FN:49,_RNCINvMNtNtCshLLWmVuQQJZ_11deacon_core5cache4diskINtB5_9DiskCacheppE3newpE0B9_
FN:186,_RNCNvMNtNtCshLLWmVuQQJZ_11deacon_core5cache4diskINtB4_9DiskCacheppE10load_entry0B8_
FN:71,_RNCNvMNtNtCshLLWmVuQQJZ_11deacon_core5cache4diskINtB4_9DiskCacheppE10load_index0B8_
FN:92,_RNCNvMNtNtCshLLWmVuQQJZ_11deacon_core5cache4diskINtB4_9DiskCacheppE10save_indexs_0B8_
FN:152,_RNCNvMNtNtCshLLWmVuQQJZ_11deacon_core5cache4diskINtB4_9DiskCacheppE12set_with_ttls_0B8_
FN:289,_RNCNvXININtNtCshLLWmVuQQJZ_11deacon_core5cache4disks_0ppEINtB7_9DiskCacheppEINtB9_5CacheppE3len0Bb_
FN:170,_RNvMNtNtCshLLWmVuQQJZ_11deacon_core5cache4diskINtB2_9DiskCacheppE10load_entryB6_
FN:66,_RNvMNtNtCshLLWmVuQQJZ_11deacon_core5cache4diskINtB2_9DiskCacheppE10load_indexB6_
FN:86,_RNvMNtNtCshLLWmVuQQJZ_11deacon_core5cache4diskINtB2_9DiskCacheppE10save_indexB6_
FN:142,_RNvMNtNtCshLLWmVuQQJZ_11deacon_core5cache4diskINtB2_9DiskCacheppE12set_with_ttlB6_
FN:137,_RNvMNtNtCshLLWmVuQQJZ_11deacon_core5cache4diskINtB2_9DiskCacheppE18get_data_file_pathB6_
FN:123,_RNvMNtNtCshLLWmVuQQJZ_11deacon_core5cache4diskINtB2_9DiskCacheppE19is_metadata_expiredB6_
FN:98,_RNvMNtNtCshLLWmVuQQJZ_11deacon_core5cache4diskINtB2_9DiskCacheppE23cleanup_expired_entriesB6_
FN:208,_RNvXININtNtCshLLWmVuQQJZ_11deacon_core5cache4disks_0ppEINtB5_9DiskCacheppEINtB7_5CacheppE3getB9_
FN:280,_RNvXININtNtCshLLWmVuQQJZ_11deacon_core5cache4disks_0ppEINtB5_9DiskCacheppEINtB7_5CacheppE3lenB9_
FN:204,_RNvXININtNtCshLLWmVuQQJZ_11deacon_core5cache4disks_0ppEINtB5_9DiskCacheppEINtB7_5CacheppE3setB9_
FN:257,_RNvXININtNtCshLLWmVuQQJZ_11deacon_core5cache4disks_0ppEINtB5_9DiskCacheppEINtB7_5CacheppE5clearB9_
FN:296,_RNvXININtNtCshLLWmVuQQJZ_11deacon_core5cache4disks_0ppEINtB5_9DiskCacheppEINtB7_5CacheppE5statsB9_
FN:230,_RNvXININtNtCshLLWmVuQQJZ_11deacon_core5cache4disks_0ppEINtB5_9DiskCacheppEINtB7_5CacheppE6removeB9_
FN:43,_RINvMNtNtCs1G9XuckPzNo_11deacon_core5cache4diskINtB3_9DiskCacheNtNtCs8Ty2CzGA6U3_5alloc6string6StringBZ_E3newRNtNtCsiKSG5X70Gj7_3std4path4PathEB7_
FN:49,_RNCINvMNtNtCs1G9XuckPzNo_11deacon_core5cache4diskINtB5_9DiskCacheNtNtCs8Ty2CzGA6U3_5alloc6string6StringB11_E3newRNtNtCsiKSG5X70Gj7_3std4path4PathE0B9_
FN:186,_RNCNvMNtNtCs1G9XuckPzNo_11deacon_core5cache4diskINtB4_9DiskCacheNtNtCs8Ty2CzGA6U3_5alloc6string6StringB10_E10load_entry0B8_
FN:71,_RNCNvMNtNtCs1G9XuckPzNo_11deacon_core5cache4diskINtB4_9DiskCacheNtNtCs8Ty2CzGA6U3_5alloc6string6StringB10_E10load_index0B8_
FN:92,_RNCNvMNtNtCs1G9XuckPzNo_11deacon_core5cache4diskINtB4_9DiskCacheNtNtCs8Ty2CzGA6U3_5alloc6string6StringB10_E10save_indexs_0B8_
FN:152,_RNCNvMNtNtCs1G9XuckPzNo_11deacon_core5cache4diskINtB4_9DiskCacheNtNtCs8Ty2CzGA6U3_5alloc6string6StringB10_E12set_with_ttls_0B8_
FN:289,_RNCNvXs_NtNtCs1G9XuckPzNo_11deacon_core5cache4diskINtB6_9DiskCacheNtNtCs8Ty2CzGA6U3_5alloc6string6StringB12_EINtB8_5CacheB12_B12_E3len0Ba_
FN:170,_RNvMNtNtCs1G9XuckPzNo_11deacon_core5cache4diskINtB2_9DiskCacheNtNtCs8Ty2CzGA6U3_5alloc6string6StringBY_E10load_entryB6_
FN:66,_RNvMNtNtCs1G9XuckPzNo_11deacon_core5cache4diskINtB2_9DiskCacheNtNtCs8Ty2CzGA6U3_5alloc6string6StringBY_E10load_indexB6_
FN:86,_RNvMNtNtCs1G9XuckPzNo_11deacon_core5cache4diskINtB2_9DiskCacheNtNtCs8Ty2CzGA6U3_5alloc6string6StringBY_E10save_indexB6_
FN:142,_RNvMNtNtCs1G9XuckPzNo_11deacon_core5cache4diskINtB2_9DiskCacheNtNtCs8Ty2CzGA6U3_5alloc6string6StringBY_E12set_with_ttlB6_
FN:137,_RNvMNtNtCs1G9XuckPzNo_11deacon_core5cache4diskINtB2_9DiskCacheNtNtCs8Ty2CzGA6U3_5alloc6string6StringBY_E18get_data_file_pathB6_
FN:123,_RNvMNtNtCs1G9XuckPzNo_11deacon_core5cache4diskINtB2_9DiskCacheNtNtCs8Ty2CzGA6U3_5alloc6string6StringBY_E19is_metadata_expiredB6_
FN:98,_RNvMNtNtCs1G9XuckPzNo_11deacon_core5cache4diskINtB2_9DiskCacheNtNtCs8Ty2CzGA6U3_5alloc6string6StringBY_E23cleanup_expired_entriesB6_
FN:208,_RNvXs_NtNtCs1G9XuckPzNo_11deacon_core5cache4diskINtB4_9DiskCacheNtNtCs8Ty2CzGA6U3_5alloc6string6StringB10_EINtB6_5CacheB10_B10_E3getB8_
FN:280,_RNvXs_NtNtCs1G9XuckPzNo_11deacon_core5cache4diskINtB4_9DiskCacheNtNtCs8Ty2CzGA6U3_5alloc6string6StringB10_EINtB6_5CacheB10_B10_E3lenB8_
FN:204,_RNvXs_NtNtCs1G9XuckPzNo_11deacon_core5cache4diskINtB4_9DiskCacheNtNtCs8Ty2CzGA6U3_5alloc6string6StringB10_EINtB6_5CacheB10_B10_E3setB8_
FN:257,_RNvXs_NtNtCs1G9XuckPzNo_11deacon_core5cache4diskINtB4_9DiskCacheNtNtCs8Ty2CzGA6U3_5alloc6string6StringB10_EINtB6_5CacheB10_B10_E5clearB8_
FN:296,_RNvXs_NtNtCs1G9XuckPzNo_11deacon_core5cache4diskINtB4_9DiskCacheNtNtCs8Ty2CzGA6U3_5alloc6string6StringB10_EINtB6_5CacheB10_B10_E5statsB8_
FN:230,_RNvXs_NtNtCs1G9XuckPzNo_11deacon_core5cache4diskINtB4_9DiskCacheNtNtCs8Ty2CzGA6U3_5alloc6string6StringB10_EINtB6_5CacheB10_B10_E6removeB8_
FN:388,_RNvNtNtNtCs1G9XuckPzNo_11deacon_core5cache4disk5testss_10test_clear
FN:403,_RNvNtNtNtCs1G9XuckPzNo_11deacon_core5cache4disk5testss_10test_stats
FN:342,_RNvNtNtNtCs1G9XuckPzNo_11deacon_core5cache4disk5testss_16test_persistence
FN:320,_RNvNtNtNtCs1G9XuckPzNo_11deacon_core5cache4disk5testss_21test_basic_operations
FN:360,_RNvNtNtNtCs1G9XuckPzNo_11deacon_core5cache4disk5testss_8test_ttl
FNDA:0,_RINvMNtNtCshLLWmVuQQJZ_11deacon_core5cache4diskINtB3_9DiskCacheppE3newpEB7_
FNDA:0,_RNCINvMNtNtCshLLWmVuQQJZ_11deacon_core5cache4diskINtB5_9DiskCacheppE3newpE0B9_
FNDA:0,_RNCNvMNtNtCshLLWmVuQQJZ_11deacon_core5cache4diskINtB4_9DiskCacheppE10load_entry0B8_
FNDA:0,_RNCNvMNtNtCshLLWmVuQQJZ_11deacon_core5cache4diskINtB4_9DiskCacheppE10load_index0B8_
FNDA:0,_RNCNvMNtNtCshLLWmVuQQJZ_11deacon_core5cache4diskINtB4_9DiskCacheppE10save_indexs_0B8_
FNDA:0,_RNCNvMNtNtCshLLWmVuQQJZ_11deacon_core5cache4diskINtB4_9DiskCacheppE12set_with_ttls_0B8_
FNDA:0,_RNCNvXININtNtCshLLWmVuQQJZ_11deacon_core5cache4disks_0ppEINtB7_9DiskCacheppEINtB9_5CacheppE3len0Bb_
FNDA:0,_RNvMNtNtCshLLWmVuQQJZ_11deacon_core5cache4diskINtB2_9DiskCacheppE10load_entryB6_
FNDA:0,_RNvMNtNtCshLLWmVuQQJZ_11deacon_core5cache4diskINtB2_9DiskCacheppE10load_indexB6_
FNDA:0,_RNvMNtNtCshLLWmVuQQJZ_11deacon_core5cache4diskINtB2_9DiskCacheppE10save_indexB6_
FNDA:0,_RNvMNtNtCshLLWmVuQQJZ_11deacon_core5cache4diskINtB2_9DiskCacheppE12set_with_ttlB6_
FNDA:0,_RNvMNtNtCshLLWmVuQQJZ_11deacon_core5cache4diskINtB2_9DiskCacheppE18get_data_file_pathB6_
FNDA:0,_RNvMNtNtCshLLWmVuQQJZ_11deacon_core5cache4diskINtB2_9DiskCacheppE19is_metadata_expiredB6_
FNDA:0,_RNvMNtNtCshLLWmVuQQJZ_11deacon_core5cache4diskINtB2_9DiskCacheppE23cleanup_expired_entriesB6_
FNDA:0,_RNvXININtNtCshLLWmVuQQJZ_11deacon_core5cache4disks_0ppEINtB5_9DiskCacheppEINtB7_5CacheppE3getB9_
FNDA:0,_RNvXININtNtCshLLWmVuQQJZ_11deacon_core5cache4disks_0ppEINtB5_9DiskCacheppEINtB7_5CacheppE3lenB9_
FNDA:0,_RNvXININtNtCshLLWmVuQQJZ_11deacon_core5cache4disks_0ppEINtB5_9DiskCacheppEINtB7_5CacheppE3setB9_
FNDA:0,_RNvXININtNtCshLLWmVuQQJZ_11deacon_core5cache4disks_0ppEINtB5_9DiskCacheppEINtB7_5CacheppE5clearB9_
FNDA:0,_RNvXININtNtCshLLWmVuQQJZ_11deacon_core5cache4disks_0ppEINtB5_9DiskCacheppEINtB7_5CacheppE5statsB9_
FNDA:0,_RNvXININtNtCshLLWmVuQQJZ_11deacon_core5cache4disks_0ppEINtB5_9DiskCacheppEINtB7_5CacheppE6removeB9_
FNDA:14,_RINvMNtNtCs1G9XuckPzNo_11deacon_core5cache4diskINtB3_9DiskCacheNtNtCs8Ty2CzGA6U3_5alloc6string6StringBZ_E3newRNtNtCsiKSG5X70Gj7_3std4path4PathEB7_
FNDA:0,_RNCINvMNtNtCs1G9XuckPzNo_11deacon_core5cache4diskINtB5_9DiskCacheNtNtCs8Ty2CzGA6U3_5alloc6string6StringB11_E3newRNtNtCsiKSG5X70Gj7_3std4path4PathE0B9_
FNDA:0,_RNCNvMNtNtCs1G9XuckPzNo_11deacon_core5cache4diskINtB4_9DiskCacheNtNtCs8Ty2CzGA6U3_5alloc6string6StringB10_E10load_entry0B8_
FNDA:0,_RNCNvMNtNtCs1G9XuckPzNo_11deacon_core5cache4diskINtB4_9DiskCacheNtNtCs8Ty2CzGA6U3_5alloc6string6StringB10_E10load_index0B8_
FNDA:0,_RNCNvMNtNtCs1G9XuckPzNo_11deacon_core5cache4diskINtB4_9DiskCacheNtNtCs8Ty2CzGA6U3_5alloc6string6StringB10_E10save_indexs_0B8_
FNDA:0,_RNCNvMNtNtCs1G9XuckPzNo_11deacon_core5cache4diskINtB4_9DiskCacheNtNtCs8Ty2CzGA6U3_5alloc6string6StringB10_E12set_with_ttls_0B8_
FNDA:9,_RNCNvXs_NtNtCs1G9XuckPzNo_11deacon_core5cache4diskINtB6_9DiskCacheNtNtCs8Ty2CzGA6U3_5alloc6string6StringB12_EINtB8_5CacheB12_B12_E3len0Ba_
FNDA:20,_RNvMNtNtCs1G9XuckPzNo_11deacon_core5cache4diskINtB2_9DiskCacheNtNtCs8Ty2CzGA6U3_5alloc6string6StringBY_E10load_entryB6_
FNDA:14,_RNvMNtNtCs1G9XuckPzNo_11deacon_core5cache4diskINtB2_9DiskCacheNtNtCs8Ty2CzGA6U3_5alloc6string6StringBY_E10load_indexB6_
FNDA:30,_RNvMNtNtCs1G9XuckPzNo_11deacon_core5cache4diskINtB2_9DiskCacheNtNtCs8Ty2CzGA6U3_5alloc6string6StringBY_E10save_indexB6_
FNDA:26,_RNvMNtNtCs1G9XuckPzNo_11deacon_core5cache4diskINtB2_9DiskCacheNtNtCs8Ty2CzGA6U3_5alloc6string6StringBY_E12set_with_ttlB6_
FNDA:26,_RNvMNtNtCs1G9XuckPzNo_11deacon_core5cache4diskINtB2_9DiskCacheNtNtCs8Ty2CzGA6U3_5alloc6string6StringBY_E18get_data_file_pathB6_
FNDA:12,_RNvMNtNtCs1G9XuckPzNo_11deacon_core5cache4diskINtB2_9DiskCacheNtNtCs8Ty2CzGA6U3_5alloc6string6StringBY_E19is_metadata_expiredB6_
FNDA:2,_RNvMNtNtCs1G9XuckPzNo_11deacon_core5cache4diskINtB2_9DiskCacheNtNtCs8Ty2CzGA6U3_5alloc6string6StringBY_E23cleanup_expired_entriesB6_
FNDA:18,_RNvXs_NtNtCs1G9XuckPzNo_11deacon_core5cache4diskINtB4_9DiskCacheNtNtCs8Ty2CzGA6U3_5alloc6string6StringB10_EINtB6_5CacheB10_B10_E3getB8_
FNDA:11,_RNvXs_NtNtCs1G9XuckPzNo_11deacon_core5cache4diskINtB4_9DiskCacheNtNtCs8Ty2CzGA6U3_5alloc6string6StringB10_EINtB6_5CacheB10_B10_E3lenB8_
FNDA:6,_RNvXs_NtNtCs1G9XuckPzNo_11deacon_core5cache4diskINtB4_9DiskCacheNtNtCs8Ty2CzGA6U3_5alloc6string6StringB10_EINtB6_5CacheB10_B10_E3setB8_
FNDA:2,_RNvXs_NtNtCs1G9XuckPzNo_11deacon_core5cache4diskINtB4_9DiskCacheNtNtCs8Ty2CzGA6U3_5alloc6string6StringB10_EINtB6_5CacheB10_B10_E5clearB8_
FNDA:3,_RNvXs_NtNtCs1G9XuckPzNo_11deacon_core5cache4diskINtB4_9DiskCacheNtNtCs8Ty2CzGA6U3_5alloc6string6StringB10_EINtB6_5CacheB10_B10_E5statsB8_
FNDA:2,_RNvXs_NtNtCs1G9XuckPzNo_11deacon_core5cache4diskINtB4_9DiskCacheNtNtCs8Ty2CzGA6U3_5alloc6string6StringB10_EINtB6_5CacheB10_B10_E6removeB8_
FNDA:1,_RNvNtNtNtCs1G9XuckPzNo_11deacon_core5cache4disk5testss_10test_clear
FNDA:1,_RNvNtNtNtCs1G9XuckPzNo_11deacon_core5cache4disk5testss_10test_stats
FNDA:1,_RNvNtNtNtCs1G9XuckPzNo_11deacon_core5cache4disk5testss_16test_persistence
FNDA:1,_RNvNtNtNtCs1G9XuckPzNo_11deacon_core5cache4disk5testss_21test_basic_operations
FNDA:1,_RNvNtNtNtCs1G9XuckPzNo_11deacon_core5cache4disk5testss_8test_ttl
FNF:25
FNH:20
DA:43,14
DA:44,14
DA:47,14
DA:48,0
DA:49,0
DA:50,14
DA:52,14
DA:53,14
DA:54,14
DA:55,14
DA:56,14
DA:57,14
DA:60,14
DA:62,14
DA:63,14
DA:66,14
DA:67,14
DA:69,14
DA:70,2
DA:71,2
DA:73,2
DA:74,2
DA:77,2
DA:79,2
DA:80,12
DA:82,14
DA:83,14
DA:86,30
DA:87,30
DA:88,30
DA:89,30
DA:91,30
DA:92,30
DA:94,30
DA:95,30
DA:98,2
DA:99,2
DA:101,4
DA:102,2
DA:103,0
DA:104,2
DA:107,2
DA:108,0
DA:110,0
DA:111,0
DA:112,0
DA:113,0
DA:114,0
DA:115,0
DA:116,0
DA:119,2
DA:120,2
DA:123,12
DA:124,12
DA:125,1
DA:126,1
DA:127,1
DA:128,1
DA:129,1
DA:130,1
DA:132,11
DA:134,12
DA:137,26
DA:138,26
DA:139,26
DA:142,26
DA:143,26
DA:144,26
DA:147,26
DA:148,26
DA:149,26
DA:151,26
DA:152,26
DA:155,26
DA:156,26
DA:157,26
DA:158,26
DA:159,26
DA:160,26
DA:162,26
DA:163,26
DA:165,26
DA:166,26
DA:167,26
DA:170,20
DA:171,20
DA:172,10
DA:173,10
DA:176,10
DA:177,0
DA:178,10
DA:180,10
DA:181,0
DA:182,0
DA:183,10
DA:185,10
DA:186,10
DA:188,10
DA:189,10
DA:191,10
DA:192,0
DA:193,10
DA:195,10
DA:196,20
DA:204,6
DA:205,6
DA:206,6
DA:208,18
DA:209,18
DA:211,18
DA:212,8
DA:213,8
DA:214,8
DA:215,8
DA:218,10
DA:219,10
DA:220,10
DA:222,0
DA:223,0
DA:224,0
DA:225,0
DA:228,18
DA:230,2
DA:231,2
DA:234,2
DA:235,2
DA:236,0
DA:240,2
DA:241,2
DA:242,2
DA:243,0
DA:244,2
DA:245,0
DA:247,2
DA:248,0
DA:249,2
DA:251,2
DA:252,0
DA:254,2
DA:255,2
DA:257,2
DA:258,2
DA:261,4
DA:262,4
DA:263,4
DA:264,0
DA:265,4
DA:266,0
DA:270,2
DA:273,2
DA:274,0
DA:275,2
DA:277,2
DA:278,2
DA:280,11
DA:282,11
DA:283,11
DA:284,11
DA:285,11
DA:287,11
DA:288,11
DA:289,11
DA:290,0
DA:291,9
DA:292,9
DA:293,11
DA:294,11
DA:296,3
DA:297,3
DA:298,3
DA:299,3
DA:300,3
DA:301,3
DA:303,3
DA:304,3
DA:305,3
DA:306,3
DA:307,3
DA:308,3
DA:309,3
DA:310,3
DA:320,1
DA:321,1
DA:322,1
DA:325,1
DA:326,1
DA:327,1
DA:330,1
DA:333,1
DA:334,1
DA:335,1
DA:337,1
DA:338,1
DA:339,1
DA:342,1
DA:343,1
DA:346,1
DA:347,1
DA:348,1
DA:349,1
DA:353,1
DA:354,1
DA:355,1
DA:357,1
DA:360,1
DA:361,1
DA:362,1
DA:365,1
DA:366,1
DA:367,1
DA:368,1
DA:369,1
DA:370,1
DA:374,1
DA:375,1
DA:376,1
DA:377,1
DA:378,1
DA:380,1
DA:381,1
DA:382,1
DA:383,1
DA:385,1
DA:388,1
DA:389,1
DA:390,1
DA:392,1
DA:393,1
DA:394,1
DA:396,1
DA:397,1
DA:398,1
DA:399,1
DA:400,1
DA:403,1
DA:404,1
DA:405,1
DA:407,1
DA:408,1
DA:409,1
DA:410,1
DA:412,1
DA:413,1
DA:414,1
DA:416,1
DA:417,1
DA:418,1
DA:419,1
DA:420,1
DA:421,1
DA:422,1
BRF:0
BRH:0
LF:257
LH:224
end_of_record
SF:/home/runner/work/deacon/deacon/crates/core/src/cache/keys.rs
FN:109,_RNvNtNtNtCs1G9XuckPzNo_11deacon_core5cache4keys5testss_20test_probe_cache_key
FN:98,_RNvNtNtNtCs1G9XuckPzNo_11deacon_core5cache4keys5testss_21test_config_cache_key
FN:76,_RNvNtNtNtCs1G9XuckPzNo_11deacon_core5cache4keys5testss_22test_feature_cache_key
FN:19,_RNvMNtNtCs1G9XuckPzNo_11deacon_core5cache4keysNtB2_15FeatureCacheKey3new
FN:61,_RNvMs0_NtNtCs1G9XuckPzNo_11deacon_core5cache4keysNtB5_13ProbeCacheKey3new
FN:40,_RNvMs_NtNtCs1G9XuckPzNo_11deacon_core5cache4keysNtB4_14ConfigCacheKey3new
FNDA:1,_RNvNtNtNtCs1G9XuckPzNo_11deacon_core5cache4keys5testss_20test_probe_cache_key
FNDA:1,_RNvNtNtNtCs1G9XuckPzNo_11deacon_core5cache4keys5testss_21test_config_cache_key
FNDA:1,_RNvNtNtNtCs1G9XuckPzNo_11deacon_core5cache4keys5testss_22test_feature_cache_key
FNDA:3,_RNvMNtNtCs1G9XuckPzNo_11deacon_core5cache4keysNtB2_15FeatureCacheKey3new
FNDA:3,_RNvMs0_NtNtCs1G9XuckPzNo_11deacon_core5cache4keysNtB5_13ProbeCacheKey3new
FNDA:3,_RNvMs_NtNtCs1G9XuckPzNo_11deacon_core5cache4keysNtB4_14ConfigCacheKey3new
FNF:6
FNH:6
DA:19,3
DA:20,3
DA:21,3
DA:22,3
DA:23,3
DA:24,3
DA:25,3
DA:40,3
DA:41,3
DA:42,3
DA:43,3
DA:44,3
DA:45,3
DA:46,3
DA:61,3
DA:62,3
DA:63,3
DA:64,3
DA:65,3
DA:66,3
DA:67,3
DA:76,1
DA:77,1
DA:78,1
DA:79,1
DA:80,1
DA:82,1
DA:83,1
DA:84,1
DA:85,1
DA:87,1
DA:88,1
DA:89,1
DA:90,1
DA:93,1
DA:94,1
DA:95,1
DA:98,1
DA:99,1
DA:100,1
DA:101,1
DA:102,1
DA:104,1
DA:105,1
DA:106,1
DA:109,1
DA:110,1
DA:111,1
DA:112,1
DA:113,1
DA:115,1
DA:116,1
DA:117,1
DA:118,1
DA:120,1
DA:122,1
DA:123,1
DA:124,1
BRF:0
BRH:0
LF:58
LH:58
end_of_record
SF:/home/runner/work/deacon/deacon/crates/core/src/cache/memory.rs
FN:85,_RNvMNtNtCshLLWmVuQQJZ_11deacon_core5cache6memoryINtB2_13InMemoryCacheppE12set_with_ttlB6_
FN:47,_RNvMNtNtCshLLWmVuQQJZ_11deacon_core5cache6memoryINtB2_13InMemoryCacheppE13estimate_sizeB6_
FN:54,_RNvMNtNtCshLLWmVuQQJZ_11deacon_core5cache6memoryINtB2_13InMemoryCacheppE14remove_expiredB6_
FN:42,_RNvMNtNtCshLLWmVuQQJZ_11deacon_core5cache6memoryINtB2_13InMemoryCacheppE17with_default_sizeB6_
FN:32,_RNvMNtNtCshLLWmVuQQJZ_11deacon_core5cache6memoryINtB2_13InMemoryCacheppE3newB6_
FN:73,_RNvMNtNtCshLLWmVuQQJZ_11deacon_core5cache6memoryINtB2_13InMemoryCacheppE9evict_lruB6_
FN:127,_RNvXININtNtCshLLWmVuQQJZ_11deacon_core5cache6memorys_0ppEINtB5_13InMemoryCacheppEINtB7_5CacheppE3getB9_
FN:169,_RNvXININtNtCshLLWmVuQQJZ_11deacon_core5cache6memorys_0ppEINtB5_13InMemoryCacheppEINtB7_5CacheppE3lenB9_
FN:123,_RNvXININtNtCshLLWmVuQQJZ_11deacon_core5cache6memorys_0ppEINtB5_13InMemoryCacheppEINtB7_5CacheppE3setB9_
FN:162,_RNvXININtNtCshLLWmVuQQJZ_11deacon_core5cache6memorys_0ppEINtB5_13InMemoryCacheppEINtB7_5CacheppE5clearB9_
FN:173,_RNvXININtNtCshLLWmVuQQJZ_11deacon_core5cache6memorys_0ppEINtB5_13InMemoryCacheppEINtB7_5CacheppE5statsB9_
FN:151,_RNvXININtNtCshLLWmVuQQJZ_11deacon_core5cache6memorys_0ppEINtB5_13InMemoryCacheppEINtB7_5CacheppE6removeB9_
FN:42,_RNvMNtNtCs1G9XuckPzNo_11deacon_core5cache6memoryINtB2_13InMemoryCacheppE17with_default_sizeB6_
FN:85,_RNvMNtNtCs1G9XuckPzNo_11deacon_core5cache6memoryINtB2_13InMemoryCacheNtNtCs8Ty2CzGA6U3_5alloc6string6StringB15_E12set_with_ttlB6_
FN:47,_RNvMNtNtCs1G9XuckPzNo_11deacon_core5cache6memoryINtB2_13InMemoryCacheNtNtCs8Ty2CzGA6U3_5alloc6string6StringB15_E13estimate_sizeB6_
FN:54,_RNvMNtNtCs1G9XuckPzNo_11deacon_core5cache6memoryINtB2_13InMemoryCacheNtNtCs8Ty2CzGA6U3_5alloc6string6StringB15_E14remove_expiredB6_
FN:32,_RNvMNtNtCs1G9XuckPzNo_11deacon_core5cache6memoryINtB2_13InMemoryCacheNtNtCs8Ty2CzGA6U3_5alloc6string6StringB15_E3newB6_
FN:73,_RNvMNtNtCs1G9XuckPzNo_11deacon_core5cache6memoryINtB2_13InMemoryCacheNtNtCs8Ty2CzGA6U3_5alloc6string6StringB15_E9evict_lruB6_
FN:127,_RNvXs_NtNtCs1G9XuckPzNo_11deacon_core5cache6memoryINtB4_13InMemoryCacheNtNtCs8Ty2CzGA6U3_5alloc6string6StringB17_EINtB6_5CacheB17_B17_E3getB8_
FN:169,_RNvXs_NtNtCs1G9XuckPzNo_11deacon_core5cache6memoryINtB4_13InMemoryCacheNtNtCs8Ty2CzGA6U3_5alloc6string6StringB17_EINtB6_5CacheB17_B17_E3lenB8_
FN:123,_RNvXs_NtNtCs1G9XuckPzNo_11deacon_core5cache6memoryINtB4_13InMemoryCacheNtNtCs8Ty2CzGA6U3_5alloc6string6StringB17_EINtB6_5CacheB17_B17_E3setB8_
FN:162,_RNvXs_NtNtCs1G9XuckPzNo_11deacon_core5cache6memoryINtB4_13InMemoryCacheNtNtCs8Ty2CzGA6U3_5alloc6string6StringB17_EINtB6_5CacheB17_B17_E5clearB8_
FN:173,_RNvXs_NtNtCs1G9XuckPzNo_11deacon_core5cache6memoryINtB4_13InMemoryCacheNtNtCs8Ty2CzGA6U3_5alloc6string6StringB17_EINtB6_5CacheB17_B17_E5statsB8_
FN:151,_RNvXs_NtNtCs1G9XuckPzNo_11deacon_core5cache6memoryINtB4_13InMemoryCacheNtNtCs8Ty2CzGA6U3_5alloc6string6StringB17_EINtB6_5CacheB17_B17_E6removeB8_
FN:269,_RNvNtNtNtCs1G9XuckPzNo_11deacon_core5cache6memory5testss_10test_clear
FN:283,_RNvNtNtNtCs1G9XuckPzNo_11deacon_core5cache6memory5testss_10test_stats
FN:240,_RNvNtNtNtCs1G9XuckPzNo_11deacon_core5cache6memory5testss_17test_lru_eviction
FN:190,_RNvNtNtNtCs1G9XuckPzNo_11deacon_core5cache6memory5testss_21test_basic_operations
FN:304,_RNvNtNtNtCs1G9XuckPzNo_11deacon_core5cache6memory5testss_30test_oversized_entry_rejection
FN:211,_RNvNtNtNtCs1G9XuckPzNo_11deacon_core5cache6memory5testss_8test_ttl
FNDA:0,_RNvMNtNtCshLLWmVuQQJZ_11deacon_core5cache6memoryINtB2_13InMemoryCacheppE12set_with_ttlB6_
FNDA:0,_RNvMNtNtCshLLWmVuQQJZ_11deacon_core5cache6memoryINtB2_13InMemoryCacheppE13estimate_sizeB6_
FNDA:0,_RNvMNtNtCshLLWmVuQQJZ_11deacon_core5cache6memoryINtB2_13InMemoryCacheppE14remove_expiredB6_
FNDA:0,_RNvMNtNtCshLLWmVuQQJZ_11deacon_core5cache6memoryINtB2_13InMemoryCacheppE17with_default_sizeB6_
FNDA:0,_RNvMNtNtCshLLWmVuQQJZ_11deacon_core5cache6memoryINtB2_13InMemoryCacheppE3newB6_
FNDA:0,_RNvMNtNtCshLLWmVuQQJZ_11deacon_core5cache6memoryINtB2_13InMemoryCacheppE9evict_lruB6_
FNDA:0,_RNvXININtNtCshLLWmVuQQJZ_11deacon_core5cache6memorys_0ppEINtB5_13InMemoryCacheppEINtB7_5CacheppE3getB9_
FNDA:0,_RNvXININtNtCshLLWmVuQQJZ_11deacon_core5cache6memorys_0ppEINtB5_13InMemoryCacheppEINtB7_5CacheppE3lenB9_
FNDA:0,_RNvXININtNtCshLLWmVuQQJZ_11deacon_core5cache6memorys_0ppEINtB5_13InMemoryCacheppEINtB7_5CacheppE3setB9_
FNDA:0,_RNvXININtNtCshLLWmVuQQJZ_11deacon_core5cache6memorys_0ppEINtB5_13InMemoryCacheppEINtB7_5CacheppE5clearB9_
FNDA:0,_RNvXININtNtCshLLWmVuQQJZ_11deacon_core5cache6memorys_0ppEINtB5_13InMemoryCacheppEINtB7_5CacheppE5statsB9_
FNDA:0,_RNvXININtNtCshLLWmVuQQJZ_11deacon_core5cache6memorys_0ppEINtB5_13InMemoryCacheppEINtB7_5CacheppE6removeB9_
FNDA:0,_RNvMNtNtCs1G9XuckPzNo_11deacon_core5cache6memoryINtB2_13InMemoryCacheppE17with_default_sizeB6_
FNDA:38,_RNvMNtNtCs1G9XuckPzNo_11deacon_core5cache6memoryINtB2_13InMemoryCacheNtNtCs8Ty2CzGA6U3_5alloc6string6StringB15_E12set_with_ttlB6_
FNDA:46,_RNvMNtNtCs1G9XuckPzNo_11deacon_core5cache6memoryINtB2_13InMemoryCacheNtNtCs8Ty2CzGA6U3_5alloc6string6StringB15_E13estimate_sizeB6_
FNDA:61,_RNvMNtNtCs1G9XuckPzNo_11deacon_core5cache6memoryINtB2_13InMemoryCacheNtNtCs8Ty2CzGA6U3_5alloc6string6StringB15_E14remove_expiredB6_
FNDA:14,_RNvMNtNtCs1G9XuckPzNo_11deacon_core5cache6memoryINtB2_13InMemoryCacheNtNtCs8Ty2CzGA6U3_5alloc6string6StringB15_E3newB6_
FNDA:25,_RNvMNtNtCs1G9XuckPzNo_11deacon_core5cache6memoryINtB2_13InMemoryCacheNtNtCs8Ty2CzGA6U3_5alloc6string6StringB15_E9evict_lruB6_
FNDA:23,_RNvXs_NtNtCs1G9XuckPzNo_11deacon_core5cache6memoryINtB4_13InMemoryCacheNtNtCs8Ty2CzGA6U3_5alloc6string6StringB17_EINtB6_5CacheB17_B17_E3getB8_
FNDA:9,_RNvXs_NtNtCs1G9XuckPzNo_11deacon_core5cache6memoryINtB4_13InMemoryCacheNtNtCs8Ty2CzGA6U3_5alloc6string6StringB17_EINtB6_5CacheB17_B17_E3lenB8_
FNDA:18,_RNvXs_NtNtCs1G9XuckPzNo_11deacon_core5cache6memoryINtB4_13InMemoryCacheNtNtCs8Ty2CzGA6U3_5alloc6string6StringB17_EINtB6_5CacheB17_B17_E3setB8_
FNDA:3,_RNvXs_NtNtCs1G9XuckPzNo_11deacon_core5cache6memoryINtB4_13InMemoryCacheNtNtCs8Ty2CzGA6U3_5alloc6string6StringB17_EINtB6_5CacheB17_B17_E5clearB8_
FNDA:3,_RNvXs_NtNtCs1G9XuckPzNo_11deacon_core5cache6memoryINtB4_13InMemoryCacheNtNtCs8Ty2CzGA6U3_5alloc6string6StringB17_EINtB6_5CacheB17_B17_E5statsB8_
FNDA:2,_RNvXs_NtNtCs1G9XuckPzNo_11deacon_core5cache6memoryINtB4_13InMemoryCacheNtNtCs8Ty2CzGA6U3_5alloc6string6StringB17_EINtB6_5CacheB17_B17_E6removeB8_
FNDA:1,_RNvNtNtNtCs1G9XuckPzNo_11deacon_core5cache6memory5testss_10test_clear
FNDA:1,_RNvNtNtNtCs1G9XuckPzNo_11deacon_core5cache6memory5testss_10test_stats
FNDA:1,_RNvNtNtNtCs1G9XuckPzNo_11deacon_core5cache6memory5testss_17test_lru_eviction
FNDA:1,_RNvNtNtNtCs1G9XuckPzNo_11deacon_core5cache6memory5testss_21test_basic_operations
FNDA:1,_RNvNtNtNtCs1G9XuckPzNo_11deacon_core5cache6memory5testss_30test_oversized_entry_rejection
FNDA:1,_RNvNtNtNtCs1G9XuckPzNo_11deacon_core5cache6memory5testss_8test_ttl
FNF:18
FNH:17
DA:32,14
DA:33,14
DA:34,14
DA:35,14
DA:36,14
DA:37,14
DA:38,14
DA:39,14
DA:42,0
DA:43,0
DA:44,0
DA:47,46
DA:50,46
DA:51,46
DA:54,61
DA:55,61
DA:57,104
DA:58,43
DA:59,0
DA:60,43
DA:63,61
DA:64,0
DA:65,0
DA:66,0
DA:67,0
DA:68,0
DA:70,61
DA:73,25
DA:74,31
DA:75,6
DA:76,6
DA:77,6
DA:78,6
DA:79,6
DA:80,0
DA:82,25
DA:85,38
DA:86,38
DA:88,38
DA:89,38
DA:92,38
DA:93,13
DA:94,13
DA:95,13
DA:96,13
DA:97,13
DA:98,25
DA:101,25
DA:102,0
DA:103,0
DA:104,25
DA:107,25
DA:108,25
DA:111,25
DA:113,25
DA:114,25
DA:115,38
DA:123,18
DA:124,18
DA:125,18
DA:127,23
DA:128,23
DA:130,23
DA:131,10
DA:133,0
DA:134,0
DA:135,0
DA:136,0
DA:137,0
DA:138,0
DA:140,10
DA:141,10
DA:142,10
DA:145,13
DA:146,13
DA:147,13
DA:149,23
DA:151,2
DA:152,2
DA:153,2
DA:154,2
DA:155,2
DA:156,2
DA:158,0
DA:160,2
DA:162,3
DA:163,3
DA:164,3
DA:165,3
DA:166,3
DA:167,3
DA:169,9
DA:170,9
DA:171,9
DA:173,3
DA:174,3
DA:175,3
DA:176,3
DA:177,3
DA:178,3
DA:179,3
DA:180,3
DA:181,3
DA:190,1
DA:191,1
DA:194,1
DA:195,1
DA:196,1
DA:199,1
DA:202,1
DA:203,1
DA:204,1
DA:206,1
DA:207,1
DA:208,1
DA:211,1
DA:214,1
DA:217,1
DA:218,1
DA:219,1
DA:220,1
DA:221,1
DA:222,1
DA:226,1
DA:227,1
DA:228,1
DA:229,1
DA:230,1
DA:232,1
DA:233,1
DA:234,1
DA:235,1
DA:237,1
DA:240,1
DA:241,1
DA:244,1
DA:245,1
DA:246,1
DA:249,1
DA:253,7
DA:254,6
DA:255,6
DA:256,6
DA:257,6
DA:262,1
DA:265,1
DA:266,1
DA:269,1
DA:270,1
DA:272,1
DA:273,1
DA:274,1
DA:276,1
DA:277,1
DA:278,1
DA:279,1
DA:280,1
DA:283,1
DA:284,1
DA:286,1
DA:287,1
DA:288,1
DA:289,1
DA:291,1
DA:292,1
DA:293,1
DA:295,1
DA:296,1
DA:297,1
DA:298,1
DA:299,1
DA:300,1
DA:301,1
DA:304,1
DA:305,1
DA:307,1
DA:308,1
DA:310,1
DA:311,1
DA:312,1
BRF:0
BRH:0
LF:180
LH:161
end_of_record
SF:/home/runner/work/deacon/deacon/crates/core/src/cache/multilevel.rs
FN:44,_RINvMNtNtCshLLWmVuQQJZ_11deacon_core5cache10multilevelINtB3_15MultiLevelCacheppE24with_default_memory_sizepEB7_
FN:33,_RINvMNtNtCshLLWmVuQQJZ_11deacon_core5cache10multilevelINtB3_15MultiLevelCacheppE3newpEB7_
FN:49,_RNvMNtNtCshLLWmVuQQJZ_11deacon_core5cache10multilevelINtB2_15MultiLevelCacheppE12set_with_ttlB6_
FN:70,_RNvMNtNtCshLLWmVuQQJZ_11deacon_core5cache10multilevelINtB2_15MultiLevelCacheppE17promote_to_memoryB6_
FN:88,_RNvXININtNtCshLLWmVuQQJZ_11deacon_core5cache10multilevels_0ppEINtB5_15MultiLevelCacheppEINtB7_5CacheppE3getB9_
FN:133,_RNvXININtNtCshLLWmVuQQJZ_11deacon_core5cache10multilevels_0ppEINtB5_15MultiLevelCacheppEINtB7_5CacheppE3lenB9_
FN:84,_RNvXININtNtCshLLWmVuQQJZ_11deacon_core5cache10multilevels_0ppEINtB5_15MultiLevelCacheppEINtB7_5CacheppE3setB9_
FN:119,_RNvXININtNtCshLLWmVuQQJZ_11deacon_core5cache10multilevels_0ppEINtB5_15MultiLevelCacheppEINtB7_5CacheppE5clearB9_
FN:140,_RNvXININtNtCshLLWmVuQQJZ_11deacon_core5cache10multilevels_0ppEINtB5_15MultiLevelCacheppEINtB7_5CacheppE5statsB9_
FN:107,_RNvXININtNtCshLLWmVuQQJZ_11deacon_core5cache10multilevels_0ppEINtB5_15MultiLevelCacheppEINtB7_5CacheppE6removeB9_
FN:44,_RINvMNtNtCs1G9XuckPzNo_11deacon_core5cache10multilevelINtB3_15MultiLevelCacheppE24with_default_memory_sizepEB7_
FN:33,_RINvMNtNtCs1G9XuckPzNo_11deacon_core5cache10multilevelINtB3_15MultiLevelCacheNtNtCs8Ty2CzGA6U3_5alloc6string6StringB1d_E3newRNtNtCsiKSG5X70Gj7_3std4path4PathEB7_
FN:49,_RNvMNtNtCs1G9XuckPzNo_11deacon_core5cache10multilevelINtB2_15MultiLevelCacheNtNtCs8Ty2CzGA6U3_5alloc6string6StringB1c_E12set_with_ttlB6_
FN:70,_RNvMNtNtCs1G9XuckPzNo_11deacon_core5cache10multilevelINtB2_15MultiLevelCacheNtNtCs8Ty2CzGA6U3_5alloc6string6StringB1c_E17promote_to_memoryB6_
FN:88,_RNvXs_NtNtCs1G9XuckPzNo_11deacon_core5cache10multilevelINtB4_15MultiLevelCacheNtNtCs8Ty2CzGA6U3_5alloc6string6StringB1e_EINtB6_5CacheB1e_B1e_E3getB8_
FN:133,_RNvXs_NtNtCs1G9XuckPzNo_11deacon_core5cache10multilevelINtB4_15MultiLevelCacheNtNtCs8Ty2CzGA6U3_5alloc6string6StringB1e_EINtB6_5CacheB1e_B1e_E3lenB8_
FN:84,_RNvXs_NtNtCs1G9XuckPzNo_11deacon_core5cache10multilevelINtB4_15MultiLevelCacheNtNtCs8Ty2CzGA6U3_5alloc6string6StringB1e_EINtB6_5CacheB1e_B1e_E3setB8_
FN:119,_RNvXs_NtNtCs1G9XuckPzNo_11deacon_core5cache10multilevelINtB4_15MultiLevelCacheNtNtCs8Ty2CzGA6U3_5alloc6string6StringB1e_EINtB6_5CacheB1e_B1e_E5clearB8_
FN:140,_RNvXs_NtNtCs1G9XuckPzNo_11deacon_core5cache10multilevelINtB4_15MultiLevelCacheNtNtCs8Ty2CzGA6U3_5alloc6string6StringB1e_EINtB6_5CacheB1e_B1e_E5statsB8_
FN:107,_RNvXs_NtNtCs1G9XuckPzNo_11deacon_core5cache10multilevelINtB4_15MultiLevelCacheNtNtCs8Ty2CzGA6U3_5alloc6string6StringB1e_EINtB6_5CacheB1e_B1e_E6removeB8_
FN:270,_RNvNtNtNtCs1G9XuckPzNo_11deacon_core5cache10multilevel5testss_10test_clear
FN:285,_RNvNtNtNtCs1G9XuckPzNo_11deacon_core5cache10multilevel5testss_19test_combined_stats
FN:162,_RNvNtNtNtCs1G9XuckPzNo_11deacon_core5cache10multilevel5testss_21test_basic_operations
FN:203,_RNvNtNtNtCs1G9XuckPzNo_11deacon_core5cache10multilevel5testss_24test_promotion_to_memory
FN:183,_RNvNtNtNtCs1G9XuckPzNo_11deacon_core5cache10multilevel5testss_28test_memory_to_disk_fallback
FN:222,_RNvNtNtNtCs1G9XuckPzNo_11deacon_core5cache10multilevel5testss_33test_persistence_across_instances
FN:241,_RNvNtNtNtCs1G9XuckPzNo_11deacon_core5cache10multilevel5testss_8test_ttl
FNDA:0,_RINvMNtNtCshLLWmVuQQJZ_11deacon_core5cache10multilevelINtB3_15MultiLevelCacheppE24with_default_memory_sizepEB7_
FNDA:0,_RINvMNtNtCshLLWmVuQQJZ_11deacon_core5cache10multilevelINtB3_15MultiLevelCacheppE3newpEB7_
FNDA:0,_RNvMNtNtCshLLWmVuQQJZ_11deacon_core5cache10multilevelINtB2_15MultiLevelCacheppE12set_with_ttlB6_
FNDA:0,_RNvMNtNtCshLLWmVuQQJZ_11deacon_core5cache10multilevelINtB2_15MultiLevelCacheppE17promote_to_memoryB6_
FNDA:0,_RNvXININtNtCshLLWmVuQQJZ_11deacon_core5cache10multilevels_0ppEINtB5_15MultiLevelCacheppEINtB7_5CacheppE3getB9_
FNDA:0,_RNvXININtNtCshLLWmVuQQJZ_11deacon_core5cache10multilevels_0ppEINtB5_15MultiLevelCacheppEINtB7_5CacheppE3lenB9_
FNDA:0,_RNvXININtNtCshLLWmVuQQJZ_11deacon_core5cache10multilevels_0ppEINtB5_15MultiLevelCacheppEINtB7_5CacheppE3setB9_
FNDA:0,_RNvXININtNtCshLLWmVuQQJZ_11deacon_core5cache10multilevels_0ppEINtB5_15MultiLevelCacheppEINtB7_5CacheppE5clearB9_
FNDA:0,_RNvXININtNtCshLLWmVuQQJZ_11deacon_core5cache10multilevels_0ppEINtB5_15MultiLevelCacheppEINtB7_5CacheppE5statsB9_
FNDA:0,_RNvXININtNtCshLLWmVuQQJZ_11deacon_core5cache10multilevels_0ppEINtB5_15MultiLevelCacheppEINtB7_5CacheppE6removeB9_
FNDA:0,_RINvMNtNtCs1G9XuckPzNo_11deacon_core5cache10multilevelINtB3_15MultiLevelCacheppE24with_default_memory_sizepEB7_
FNDA:8,_RINvMNtNtCs1G9XuckPzNo_11deacon_core5cache10multilevelINtB3_15MultiLevelCacheNtNtCs8Ty2CzGA6U3_5alloc6string6StringB1d_E3newRNtNtCsiKSG5X70Gj7_3std4path4PathEB7_
FNDA:19,_RNvMNtNtCs1G9XuckPzNo_11deacon_core5cache10multilevelINtB2_15MultiLevelCacheNtNtCs8Ty2CzGA6U3_5alloc6string6StringB1c_E12set_with_ttlB6_
FNDA:3,_RNvMNtNtCs1G9XuckPzNo_11deacon_core5cache10multilevelINtB2_15MultiLevelCacheNtNtCs8Ty2CzGA6U3_5alloc6string6StringB1c_E17promote_to_memoryB6_
FNDA:13,_RNvXs_NtNtCs1G9XuckPzNo_11deacon_core5cache10multilevelINtB4_15MultiLevelCacheNtNtCs8Ty2CzGA6U3_5alloc6string6StringB1e_EINtB6_5CacheB1e_B1e_E3getB8_
FNDA:2,_RNvXs_NtNtCs1G9XuckPzNo_11deacon_core5cache10multilevelINtB4_15MultiLevelCacheNtNtCs8Ty2CzGA6U3_5alloc6string6StringB1e_EINtB6_5CacheB1e_B1e_E3lenB8_
FNDA:18,_RNvXs_NtNtCs1G9XuckPzNo_11deacon_core5cache10multilevelINtB4_15MultiLevelCacheNtNtCs8Ty2CzGA6U3_5alloc6string6StringB1e_EINtB6_5CacheB1e_B1e_E3setB8_
FNDA:1,_RNvXs_NtNtCs1G9XuckPzNo_11deacon_core5cache10multilevelINtB4_15MultiLevelCacheNtNtCs8Ty2CzGA6U3_5alloc6string6StringB1e_EINtB6_5CacheB1e_B1e_E5clearB8_
FNDA:1,_RNvXs_NtNtCs1G9XuckPzNo_11deacon_core5cache10multilevelINtB4_15MultiLevelCacheNtNtCs8Ty2CzGA6U3_5alloc6string6StringB1e_EINtB6_5CacheB1e_B1e_E5statsB8_
FNDA:1,_RNvXs_NtNtCs1G9XuckPzNo_11deacon_core5cache10multilevelINtB4_15MultiLevelCacheNtNtCs8Ty2CzGA6U3_5alloc6string6StringB1e_EINtB6_5CacheB1e_B1e_E6removeB8_
FNDA:1,_RNvNtNtNtCs1G9XuckPzNo_11deacon_core5cache10multilevel5testss_10test_clear
FNDA:1,_RNvNtNtNtCs1G9XuckPzNo_11deacon_core5cache10multilevel5testss_19test_combined_stats
FNDA:1,_RNvNtNtNtCs1G9XuckPzNo_11deacon_core5cache10multilevel5testss_21test_basic_operations
FNDA:1,_RNvNtNtNtCs1G9XuckPzNo_11deacon_core5cache10multilevel5testss_24test_promotion_to_memory
FNDA:1,_RNvNtNtNtCs1G9XuckPzNo_11deacon_core5cache10multilevel5testss_28test_memory_to_disk_fallback
FNDA:1,_RNvNtNtNtCs1G9XuckPzNo_11deacon_core5cache10multilevel5testss_33test_persistence_across_instances
FNDA:1,_RNvNtNtNtCs1G9XuckPzNo_11deacon_core5cache10multilevel5testss_8test_ttl
FNF:17
FNH:16
DA:33,8
DA:34,8
DA:35,8
DA:37,8
DA:38,8
DA:39,8
DA:40,8
DA:41,8
DA:44,0
DA:45,0
DA:46,0
DA:49,19
DA:52,19
DA:53,19
DA:54,19
DA:56,11
DA:59,0
DA:61,8
DA:63,19
DA:65,19
DA:66,19
DA:67,19
DA:70,3
DA:71,3
DA:72,1
DA:74,2
DA:76,3
DA:84,18
DA:85,18
DA:86,18
DA:88,13
DA:90,13
DA:91,5
DA:92,5
DA:93,8
DA:96,8
DA:98,3
DA:99,3
DA:100,3
DA:101,5
DA:103,5
DA:104,5
DA:105,13
DA:107,1
DA:109,1
DA:110,1
DA:112,1
DA:113,1
DA:114,1
DA:115,0
DA:116,1
DA:117,1
DA:119,1
DA:120,1
DA:121,1
DA:123,1
DA:124,1
DA:126,1
DA:129,0
DA:131,1
DA:133,2
DA:137,2
DA:138,2
DA:140,1
DA:141,1
DA:142,1
DA:145,1
DA:146,1
DA:147,1
DA:148,1
DA:149,1
DA:150,1
DA:151,1
DA:152,1
DA:162,1
DA:163,1
DA:164,1
DA:165,1
DA:168,1
DA:169,1
DA:172,1
DA:175,1
DA:176,1
DA:177,1
DA:179,1
DA:180,1
DA:183,1
DA:184,1
DA:185,1
DA:186,1
DA:189,1
DA:192,11
DA:193,10
DA:194,10
DA:195,10
DA:196,10
DA:199,1
DA:200,1
DA:203,1
DA:204,1
DA:205,1
DA:206,1
DA:209,1
DA:212,1
DA:215,1
DA:218,1
DA:219,1
DA:222,1
DA:223,1
DA:226,1
DA:227,1
DA:228,1
DA:229,1
DA:230,1
DA:234,1
DA:235,1
DA:236,1
DA:238,1
DA:241,1
DA:242,1
DA:243,1
DA:244,1
DA:247,1
DA:248,1
DA:249,1
DA:250,1
DA:251,1
DA:252,1
DA:256,1
DA:257,1
DA:258,1
DA:259,1
DA:260,1
DA:262,1
DA:263,1
DA:264,1
DA:265,1
DA:267,1
DA:270,1
DA:271,1
DA:272,1
DA:273,1
DA:275,1
DA:276,1
DA:278,1
DA:279,1
DA:280,1
DA:281,1
DA:282,1
DA:285,1
DA:286,1
DA:287,1
DA:288,1
DA:290,1
DA:291,1
DA:292,1
DA:294,1
DA:295,1
DA:296,1
DA:297,1
DA:298,1
DA:299,1
BRF:0
BRH:0
LF:162
LH:156
end_of_record
SF:/home/runner/work/deacon/deacon/crates/core/src/compose.rs
FN:80,_RNvMNtCshLLWmVuQQJZ_11deacon_core7composeNtB2_14ComposeCommand13build_command
FN:164,_RNvMNtCshLLWmVuQQJZ_11deacon_core7composeNtB2_14ComposeCommand15parse_ps_output
FN:68,_RNvMNtCshLLWmVuQQJZ_11deacon_core7composeNtB2_14ComposeCommand16with_docker_path
FN:74,_RNvMNtCshLLWmVuQQJZ_11deacon_core7composeNtB2_14ComposeCommand17with_project_name
FN:158,_RNvMNtCshLLWmVuQQJZ_11deacon_core7composeNtB2_14ComposeCommand2ps
FN:141,_RNvMNtCshLLWmVuQQJZ_11deacon_core7composeNtB2_14ComposeCommand2up
FN:58,_RNvMNtCshLLWmVuQQJZ_11deacon_core7composeNtB2_14ComposeCommand3new
FN:152,_RNvMNtCshLLWmVuQQJZ_11deacon_core7composeNtB2_14ComposeCommand4down
FN:105,_RNvMNtCshLLWmVuQQJZ_11deacon_core7composeNtB2_14ComposeCommand7execute
FN:384,_RNvMs1_NtCshLLWmVuQQJZ_11deacon_core7composeNtB5_14ComposeProject16get_all_services
FN:294,_RNvMs_NtCshLLWmVuQQJZ_11deacon_core7composeNtB4_14ComposeManager11get_command
FN:338,_RNvMs_NtCshLLWmVuQQJZ_11deacon_core7composeNtB4_14ComposeManager12stop_project
FN:321,_RNvMs_NtCshLLWmVuQQJZ_11deacon_core7composeNtB4_14ComposeManager13start_project
FN:233,_RNvMs_NtCshLLWmVuQQJZ_11deacon_core7composeNtB4_14ComposeManager14create_project
FN:227,_RNvMs_NtCshLLWmVuQQJZ_11deacon_core7composeNtB4_14ComposeManager16with_docker_path
FN:302,_RNvMs_NtCshLLWmVuQQJZ_11deacon_core7composeNtB4_14ComposeManager18is_project_running
FN:351,_RNvMs_NtCshLLWmVuQQJZ_11deacon_core7composeNtB4_14ComposeManager24get_primary_container_id
FN:220,_RNvMs_NtCshLLWmVuQQJZ_11deacon_core7composeNtB4_14ComposeManager3new
FN:377,_RNvXs0_NtCshLLWmVuQQJZ_11deacon_core7composeNtB5_14ComposeManagerNtNtCs66KPHxksi63_4core7default7Default7default
FN:174,_RNCNvMNtCshLLWmVuQQJZ_11deacon_core7composeNtB4_14ComposeCommand15parse_ps_output0B6_
FN:188,_RNCNvMNtCshLLWmVuQQJZ_11deacon_core7composeNtB4_14ComposeCommand15parse_ps_outputs0_0B6_
FN:189,_RNCNvMNtCshLLWmVuQQJZ_11deacon_core7composeNtB4_14ComposeCommand15parse_ps_outputs1_0B6_
FN:192,_RNCNvMNtCshLLWmVuQQJZ_11deacon_core7composeNtB4_14ComposeCommand15parse_ps_outputs2_0B6_
FN:193,_RNCNvMNtCshLLWmVuQQJZ_11deacon_core7composeNtB4_14ComposeCommand15parse_ps_outputs3_0B6_
FN:196,_RNCNvMNtCshLLWmVuQQJZ_11deacon_core7composeNtB4_14ComposeCommand15parse_ps_outputs4_0B6_
FN:201,_RNCNvMNtCshLLWmVuQQJZ_11deacon_core7composeNtB4_14ComposeCommand15parse_ps_outputs5_0B6_
FN:183,_RNCNvMNtCshLLWmVuQQJZ_11deacon_core7composeNtB4_14ComposeCommand15parse_ps_outputs_0B6_
FN:146,_RNCNvMNtCshLLWmVuQQJZ_11deacon_core7composeNtB4_14ComposeCommand2up0B6_
FN:119,_RNCNvMNtCshLLWmVuQQJZ_11deacon_core7composeNtB4_14ComposeCommand7execute0B6_
FN:113,_RNCNvMNtCshLLWmVuQQJZ_11deacon_core7composeNtB4_14ComposeCommand7executes1_0B6_
FN:132,_RNCNvMNtCshLLWmVuQQJZ_11deacon_core7composeNtB4_14ComposeCommand7executes_0B6_
FN:258,_RNCNvMs_NtCshLLWmVuQQJZ_11deacon_core7composeNtB6_14ComposeManager14create_project0B8_
FN:280,_RNCNvMs_NtCshLLWmVuQQJZ_11deacon_core7composeNtB6_14ComposeManager14create_projects_0B8_
FN:309,_RNCNvMs_NtCshLLWmVuQQJZ_11deacon_core7composeNtB6_14ComposeManager18is_project_running0B8_
FN:355,_RNCNvMs_NtCshLLWmVuQQJZ_11deacon_core7composeNtB6_14ComposeManager24get_primary_container_id0B8_
FN:174,_RNCNvMNtCs1G9XuckPzNo_11deacon_core7composeNtB4_14ComposeCommand15parse_ps_output0B6_
FN:188,_RNCNvMNtCs1G9XuckPzNo_11deacon_core7composeNtB4_14ComposeCommand15parse_ps_outputs0_0B6_
FN:189,_RNCNvMNtCs1G9XuckPzNo_11deacon_core7composeNtB4_14ComposeCommand15parse_ps_outputs1_0B6_
FN:192,_RNCNvMNtCs1G9XuckPzNo_11deacon_core7composeNtB4_14ComposeCommand15parse_ps_outputs2_0B6_
FN:193,_RNCNvMNtCs1G9XuckPzNo_11deacon_core7composeNtB4_14ComposeCommand15parse_ps_outputs3_0B6_
FN:196,_RNCNvMNtCs1G9XuckPzNo_11deacon_core7composeNtB4_14ComposeCommand15parse_ps_outputs4_0B6_
FN:201,_RNCNvMNtCs1G9XuckPzNo_11deacon_core7composeNtB4_14ComposeCommand15parse_ps_outputs5_0B6_
FN:183,_RNCNvMNtCs1G9XuckPzNo_11deacon_core7composeNtB4_14ComposeCommand15parse_ps_outputs_0B6_
FN:146,_RNCNvMNtCs1G9XuckPzNo_11deacon_core7composeNtB4_14ComposeCommand2up0B6_
FN:119,_RNCNvMNtCs1G9XuckPzNo_11deacon_core7composeNtB4_14ComposeCommand7execute0B6_
FN:113,_RNCNvMNtCs1G9XuckPzNo_11deacon_core7composeNtB4_14ComposeCommand7executes1_0B6_
FN:132,_RNCNvMNtCs1G9XuckPzNo_11deacon_core7composeNtB4_14ComposeCommand7executes_0B6_
FN:258,_RNCNvMs_NtCs1G9XuckPzNo_11deacon_core7composeNtB6_14ComposeManager14create_project0B8_
FN:280,_RNCNvMs_NtCs1G9XuckPzNo_11deacon_core7composeNtB6_14ComposeManager14create_projects_0B8_
FN:309,_RNCNvMs_NtCs1G9XuckPzNo_11deacon_core7composeNtB6_14ComposeManager18is_project_running0B8_
FN:355,_RNCNvMs_NtCs1G9XuckPzNo_11deacon_core7composeNtB6_14ComposeManager24get_primary_container_id0B8_
FN:164,_RNvMNtCs1G9XuckPzNo_11deacon_core7composeNtB2_14ComposeCommand15parse_ps_output
FN:68,_RNvMNtCs1G9XuckPzNo_11deacon_core7composeNtB2_14ComposeCommand16with_docker_path
FN:158,_RNvMNtCs1G9XuckPzNo_11deacon_core7composeNtB2_14ComposeCommand2ps
FN:141,_RNvMNtCs1G9XuckPzNo_11deacon_core7composeNtB2_14ComposeCommand2up
FN:152,_RNvMNtCs1G9XuckPzNo_11deacon_core7composeNtB2_14ComposeCommand4down
FN:105,_RNvMNtCs1G9XuckPzNo_11deacon_core7composeNtB2_14ComposeCommand7execute
FN:294,_RNvMs_NtCs1G9XuckPzNo_11deacon_core7composeNtB4_14ComposeManager11get_command
FN:338,_RNvMs_NtCs1G9XuckPzNo_11deacon_core7composeNtB4_14ComposeManager12stop_project
FN:321,_RNvMs_NtCs1G9XuckPzNo_11deacon_core7composeNtB4_14ComposeManager13start_project
FN:233,_RNvMs_NtCs1G9XuckPzNo_11deacon_core7composeNtB4_14ComposeManager14create_project
FN:227,_RNvMs_NtCs1G9XuckPzNo_11deacon_core7composeNtB4_14ComposeManager16with_docker_path
FN:302,_RNvMs_NtCs1G9XuckPzNo_11deacon_core7composeNtB4_14ComposeManager18is_project_running
FN:351,_RNvMs_NtCs1G9XuckPzNo_11deacon_core7composeNtB4_14ComposeManager24get_primary_container_id
FN:220,_RNvMs_NtCs1G9XuckPzNo_11deacon_core7composeNtB4_14ComposeManager3new
FN:377,_RNvXs0_NtCs1G9XuckPzNo_11deacon_core7composeNtB5_14ComposeManagerNtNtCs66KPHxksi63_4core7default7Default7default
FN:80,_RNvMNtCs1G9XuckPzNo_11deacon_core7composeNtB2_14ComposeCommand13build_command
FN:74,_RNvMNtCs1G9XuckPzNo_11deacon_core7composeNtB2_14ComposeCommand17with_project_name
FN:58,_RNvMNtCs1G9XuckPzNo_11deacon_core7composeNtB2_14ComposeCommand3new
FN:384,_RNvMs1_NtCs1G9XuckPzNo_11deacon_core7composeNtB5_14ComposeProject16get_all_services
FN:412,_RNCNvNtNtCs1G9XuckPzNo_11deacon_core7compose5testss_26test_compose_command_build0B7_
FN:397,_RNvNtNtCs1G9XuckPzNo_11deacon_core7compose5testss_26test_compose_command_build
FN:438,_RNvNtNtCs1G9XuckPzNo_11deacon_core7compose5testss_27test_config_compose_methods
FN:424,_RNvNtNtCs1G9XuckPzNo_11deacon_core7compose5testss_37test_compose_project_get_all_services
FNDA:2,_RNvMNtCshLLWmVuQQJZ_11deacon_core7composeNtB2_14ComposeCommand13build_command
FNDA:0,_RNvMNtCshLLWmVuQQJZ_11deacon_core7composeNtB2_14ComposeCommand15parse_ps_output
FNDA:2,_RNvMNtCshLLWmVuQQJZ_11deacon_core7composeNtB2_14ComposeCommand16with_docker_path
FNDA:2,_RNvMNtCshLLWmVuQQJZ_11deacon_core7composeNtB2_14ComposeCommand17with_project_name
FNDA:1,_RNvMNtCshLLWmVuQQJZ_11deacon_core7composeNtB2_14ComposeCommand2ps
FNDA:0,_RNvMNtCshLLWmVuQQJZ_11deacon_core7composeNtB2_14ComposeCommand2up
FNDA:2,_RNvMNtCshLLWmVuQQJZ_11deacon_core7composeNtB2_14ComposeCommand3new
FNDA:0,_RNvMNtCshLLWmVuQQJZ_11deacon_core7composeNtB2_14ComposeCommand4down
FNDA:1,_RNvMNtCshLLWmVuQQJZ_11deacon_core7composeNtB2_14ComposeCommand7execute
FNDA:3,_RNvMs1_NtCshLLWmVuQQJZ_11deacon_core7composeNtB5_14ComposeProject16get_all_services
FNDA:2,_RNvMs_NtCshLLWmVuQQJZ_11deacon_core7composeNtB4_14ComposeManager11get_command
FNDA:0,_RNvMs_NtCshLLWmVuQQJZ_11deacon_core7composeNtB4_14ComposeManager12stop_project
FNDA:0,_RNvMs_NtCshLLWmVuQQJZ_11deacon_core7composeNtB4_14ComposeManager13start_project
FNDA:8,_RNvMs_NtCshLLWmVuQQJZ_11deacon_core7composeNtB4_14ComposeManager14create_project
FNDA:0,_RNvMs_NtCshLLWmVuQQJZ_11deacon_core7composeNtB4_14ComposeManager16with_docker_path
FNDA:1,_RNvMs_NtCshLLWmVuQQJZ_11deacon_core7composeNtB4_14ComposeManager18is_project_running
FNDA:0,_RNvMs_NtCshLLWmVuQQJZ_11deacon_core7composeNtB4_14ComposeManager24get_primary_container_id
FNDA:8,_RNvMs_NtCshLLWmVuQQJZ_11deacon_core7composeNtB4_14ComposeManager3new
FNDA:0,_RNvXs0_NtCshLLWmVuQQJZ_11deacon_core7composeNtB5_14ComposeManagerNtNtCs66KPHxksi63_4core7default7Default7default
FNDA:0,_RNCNvMNtCshLLWmVuQQJZ_11deacon_core7composeNtB4_14ComposeCommand15parse_ps_output0B6_
FNDA:0,_RNCNvMNtCshLLWmVuQQJZ_11deacon_core7composeNtB4_14ComposeCommand15parse_ps_outputs0_0B6_
FNDA:0,_RNCNvMNtCshLLWmVuQQJZ_11deacon_core7composeNtB4_14ComposeCommand15parse_ps_outputs1_0B6_
FNDA:0,_RNCNvMNtCshLLWmVuQQJZ_11deacon_core7composeNtB4_14ComposeCommand15parse_ps_outputs2_0B6_
FNDA:0,_RNCNvMNtCshLLWmVuQQJZ_11deacon_core7composeNtB4_14ComposeCommand15parse_ps_outputs3_0B6_
FNDA:0,_RNCNvMNtCshLLWmVuQQJZ_11deacon_core7composeNtB4_14ComposeCommand15parse_ps_outputs4_0B6_
FNDA:0,_RNCNvMNtCshLLWmVuQQJZ_11deacon_core7composeNtB4_14ComposeCommand15parse_ps_outputs5_0B6_
FNDA:0,_RNCNvMNtCshLLWmVuQQJZ_11deacon_core7composeNtB4_14ComposeCommand15parse_ps_outputs_0B6_
FNDA:0,_RNCNvMNtCshLLWmVuQQJZ_11deacon_core7composeNtB4_14ComposeCommand2up0B6_
FNDA:0,_RNCNvMNtCshLLWmVuQQJZ_11deacon_core7composeNtB4_14ComposeCommand7execute0B6_
FNDA:0,_RNCNvMNtCshLLWmVuQQJZ_11deacon_core7composeNtB4_14ComposeCommand7executes1_0B6_
FNDA:0,_RNCNvMNtCshLLWmVuQQJZ_11deacon_core7composeNtB4_14ComposeCommand7executes_0B6_
FNDA:1,_RNCNvMs_NtCshLLWmVuQQJZ_11deacon_core7composeNtB6_14ComposeManager14create_project0B8_
FNDA:6,_RNCNvMs_NtCshLLWmVuQQJZ_11deacon_core7composeNtB6_14ComposeManager14create_projects_0B8_
FNDA:0,_RNCNvMs_NtCshLLWmVuQQJZ_11deacon_core7composeNtB6_14ComposeManager18is_project_running0B8_
FNDA:0,_RNCNvMs_NtCshLLWmVuQQJZ_11deacon_core7composeNtB6_14ComposeManager24get_primary_container_id0B8_
FNDA:0,_RNCNvMNtCs1G9XuckPzNo_11deacon_core7composeNtB4_14ComposeCommand15parse_ps_output0B6_
FNDA:0,_RNCNvMNtCs1G9XuckPzNo_11deacon_core7composeNtB4_14ComposeCommand15parse_ps_outputs0_0B6_
FNDA:0,_RNCNvMNtCs1G9XuckPzNo_11deacon_core7composeNtB4_14ComposeCommand15parse_ps_outputs1_0B6_
FNDA:0,_RNCNvMNtCs1G9XuckPzNo_11deacon_core7composeNtB4_14ComposeCommand15parse_ps_outputs2_0B6_
FNDA:0,_RNCNvMNtCs1G9XuckPzNo_11deacon_core7composeNtB4_14ComposeCommand15parse_ps_outputs3_0B6_
FNDA:0,_RNCNvMNtCs1G9XuckPzNo_11deacon_core7composeNtB4_14ComposeCommand15parse_ps_outputs4_0B6_
FNDA:0,_RNCNvMNtCs1G9XuckPzNo_11deacon_core7composeNtB4_14ComposeCommand15parse_ps_outputs5_0B6_
FNDA:0,_RNCNvMNtCs1G9XuckPzNo_11deacon_core7composeNtB4_14ComposeCommand15parse_ps_outputs_0B6_
FNDA:0,_RNCNvMNtCs1G9XuckPzNo_11deacon_core7composeNtB4_14ComposeCommand2up0B6_
FNDA:0,_RNCNvMNtCs1G9XuckPzNo_11deacon_core7composeNtB4_14ComposeCommand7execute0B6_
FNDA:0,_RNCNvMNtCs1G9XuckPzNo_11deacon_core7composeNtB4_14ComposeCommand7executes1_0B6_
FNDA:0,_RNCNvMNtCs1G9XuckPzNo_11deacon_core7composeNtB4_14ComposeCommand7executes_0B6_
FNDA:0,_RNCNvMs_NtCs1G9XuckPzNo_11deacon_core7composeNtB6_14ComposeManager14create_project0B8_
FNDA:0,_RNCNvMs_NtCs1G9XuckPzNo_11deacon_core7composeNtB6_14ComposeManager14create_projects_0B8_
FNDA:0,_RNCNvMs_NtCs1G9XuckPzNo_11deacon_core7composeNtB6_14ComposeManager18is_project_running0B8_
FNDA:0,_RNCNvMs_NtCs1G9XuckPzNo_11deacon_core7composeNtB6_14ComposeManager24get_primary_container_id0B8_
FNDA:0,_RNvMNtCs1G9XuckPzNo_11deacon_core7composeNtB2_14ComposeCommand15parse_ps_output
FNDA:0,_RNvMNtCs1G9XuckPzNo_11deacon_core7composeNtB2_14ComposeCommand16with_docker_path
FNDA:0,_RNvMNtCs1G9XuckPzNo_11deacon_core7composeNtB2_14ComposeCommand2ps
FNDA:0,_RNvMNtCs1G9XuckPzNo_11deacon_core7composeNtB2_14ComposeCommand2up
FNDA:0,_RNvMNtCs1G9XuckPzNo_11deacon_core7composeNtB2_14ComposeCommand4down
FNDA:0,_RNvMNtCs1G9XuckPzNo_11deacon_core7composeNtB2_14ComposeCommand7execute
FNDA:0,_RNvMs_NtCs1G9XuckPzNo_11deacon_core7composeNtB4_14ComposeManager11get_command
FNDA:0,_RNvMs_NtCs1G9XuckPzNo_11deacon_core7composeNtB4_14ComposeManager12stop_project
FNDA:0,_RNvMs_NtCs1G9XuckPzNo_11deacon_core7composeNtB4_14ComposeManager13start_project
FNDA:0,_RNvMs_NtCs1G9XuckPzNo_11deacon_core7composeNtB4_14ComposeManager14create_project
FNDA:0,_RNvMs_NtCs1G9XuckPzNo_11deacon_core7composeNtB4_14ComposeManager16with_docker_path
FNDA:0,_RNvMs_NtCs1G9XuckPzNo_11deacon_core7composeNtB4_14ComposeManager18is_project_running
FNDA:0,_RNvMs_NtCs1G9XuckPzNo_11deacon_core7composeNtB4_14ComposeManager24get_primary_container_id
FNDA:0,_RNvMs_NtCs1G9XuckPzNo_11deacon_core7composeNtB4_14ComposeManager3new
FNDA:0,_RNvXs0_NtCs1G9XuckPzNo_11deacon_core7composeNtB5_14ComposeManagerNtNtCs66KPHxksi63_4core7default7Default7default
FNDA:1,_RNvMNtCs1G9XuckPzNo_11deacon_core7composeNtB2_14ComposeCommand13build_command
FNDA:1,_RNvMNtCs1G9XuckPzNo_11deacon_core7composeNtB2_14ComposeCommand17with_project_name
FNDA:1,_RNvMNtCs1G9XuckPzNo_11deacon_core7composeNtB2_14ComposeCommand3new
FNDA:1,_RNvMs1_NtCs1G9XuckPzNo_11deacon_core7composeNtB5_14ComposeProject16get_all_services
FNDA:9,_RNCNvNtNtCs1G9XuckPzNo_11deacon_core7compose5testss_26test_compose_command_build0B7_
FNDA:1,_RNvNtNtCs1G9XuckPzNo_11deacon_core7compose5testss_26test_compose_command_build
FNDA:1,_RNvNtNtCs1G9XuckPzNo_11deacon_core7compose5testss_27test_config_compose_methods
FNDA:1,_RNvNtNtCs1G9XuckPzNo_11deacon_core7compose5testss_37test_compose_project_get_all_services
FNF:39
FNH:17
DA:58,3
DA:59,3
DA:60,3
DA:61,3
DA:62,3
DA:63,3
DA:64,3
DA:65,3
DA:68,2
DA:69,2
DA:70,2
DA:71,2
DA:74,3
DA:75,3
DA:76,3
DA:77,3
DA:80,3
DA:81,3
DA:82,3
DA:85,7
DA:86,4
DA:87,4
DA:90,3
DA:91,3
DA:92,3
DA:95,3
DA:98,3
DA:100,3
DA:101,3
DA:105,1
DA:106,1
DA:108,1
DA:109,0
DA:111,0
DA:112,0
DA:113,0
DA:114,0
DA:115,0
DA:116,0
DA:119,1
DA:120,0
DA:121,0
DA:123,1
DA:124,1
DA:125,1
DA:126,1
DA:127,1
DA:128,1
DA:129,1
DA:130,0
DA:132,0
DA:133,0
DA:134,0
DA:136,0
DA:137,1
DA:141,0
DA:142,0
DA:143,0
DA:144,0
DA:145,0
DA:146,0
DA:147,0
DA:148,0
DA:152,0
DA:153,0
DA:154,0
DA:158,1
DA:159,1
DA:160,0
DA:161,1
DA:164,0
DA:165,0
DA:166,0
DA:167,0
DA:169,0
DA:170,0
DA:171,0
DA:172,0
DA:173,0
DA:174,0
DA:175,0
DA:176,0
DA:178,0
DA:179,0
DA:180,0
DA:181,0
DA:182,0
DA:183,0
DA:184,0
DA:185,0
DA:186,0
DA:187,0
DA:188,0
DA:189,0
DA:190,0
DA:191,0
DA:192,0
DA:193,0
DA:194,0
DA:195,0
DA:196,0
DA:197,0
DA:198,0
DA:199,0
DA:200,0
DA:201,0
DA:202,0
DA:203,0
DA:205,0
DA:208,0
DA:209,0
DA:220,8
DA:221,8
DA:222,8
DA:223,8
DA:224,8
DA:227,0
DA:228,0
DA:229,0
DA:233,8
DA:234,8
DA:235,8
DA:236,8
DA:237,8
DA:239,8
DA:240,1
DA:241,1
DA:242,1
DA:243,1
DA:244,7
DA:246,7
DA:247,7
DA:248,0
DA:249,0
DA:250,0
DA:251,0
DA:252,7
DA:254,7
DA:255,7
DA:256,7
DA:257,7
DA:258,1
DA:259,1
DA:262,6
DA:263,14
DA:264,8
DA:265,0
DA:267,8
DA:270,8
DA:271,1
DA:272,7
DA:274,8
DA:278,6
DA:279,6
DA:280,6
DA:281,6
DA:282,6
DA:284,6
DA:285,6
DA:286,6
DA:287,6
DA:288,6
DA:289,6
DA:290,6
DA:291,8
DA:294,2
DA:295,2
DA:296,2
DA:297,2
DA:298,2
DA:302,1
DA:303,1
DA:304,1
DA:307,0
DA:308,0
DA:309,0
DA:311,0
DA:312,0
DA:316,0
DA:317,1
DA:321,0
DA:322,0
DA:323,0
DA:325,0
DA:326,0
DA:330,0
DA:332,0
DA:333,0
DA:334,0
DA:338,0
DA:339,0
DA:341,0
DA:343,0
DA:345,0
DA:346,0
DA:347,0
DA:351,0
DA:352,0
DA:353,0
DA:355,0
DA:357,0
DA:358,0
DA:359,0
DA:360,0
DA:363,0
DA:366,0
DA:367,0
DA:370,0
DA:373,0
DA:377,0
DA:378,0
DA:379,0
DA:384,4
DA:385,4
DA:386,4
DA:387,4
DA:388,4
DA:397,1
DA:398,1
DA:399,1
DA:400,1
DA:401,1
DA:402,1
DA:405,1
DA:406,1
DA:408,1
DA:410,1
DA:411,1
DA:412,9
DA:413,1
DA:415,1
DA:416,1
DA:417,1
DA:418,1
DA:419,1
DA:420,1
DA:421,1
DA:424,1
DA:425,1
DA:426,1
DA:427,1
DA:428,1
DA:429,1
DA:430,1
DA:431,1
DA:433,1
DA:434,1
DA:435,1
DA:438,1
DA:442,1
DA:443,1
DA:444,1
DA:445,1
DA:446,1
DA:448,1
DA:449,1
DA:450,1
DA:453,1
DA:454,1
DA:455,1
DA:457,1
DA:458,1
DA:459,1
DA:461,1
DA:464,1
DA:465,1
DA:466,1
BRF:0
BRH:0
LF:287
LH:157
end_of_record
SF:/home/runner/work/deacon/deacon/crates/core/src/config.rs
FN:120,_RINvNtCshLLWmVuQQJZ_11deacon_core6config19deserialize_extendsNtNtCs32YTT2bu1_10serde_json5value5ValueEB4_
FN:544,_RNCNvMs0_NtCshLLWmVuQQJZ_11deacon_core6configNtB7_18DevContainerConfig17get_compose_files0B9_
FN:545,_RNCNvMs0_NtCshLLWmVuQQJZ_11deacon_core6configNtB7_18DevContainerConfig17get_compose_filess_0B9_
FN:582,_RNCNvMs0_NtCshLLWmVuQQJZ_11deacon_core6configNtB7_18DevContainerConfig25has_stop_compose_shutdown0B9_
FN:438,_RNCNvMs0_NtCshLLWmVuQQJZ_11deacon_core6configNtB7_18DevContainerConfig27apply_variable_substitution0B9_
FN:452,_RNCNvMs0_NtCshLLWmVuQQJZ_11deacon_core6configNtB7_18DevContainerConfig27apply_variable_substitutions0_0B9_
FN:445,_RNCNvMs0_NtCshLLWmVuQQJZ_11deacon_core6configNtB7_18DevContainerConfig27apply_variable_substitutions_0B9_
FN:675,_RNCNvMs2_NtCshLLWmVuQQJZ_11deacon_core6configNtB7_12ConfigMerger17merge_two_configs0B9_
FN:679,_RNCNvMs2_NtCshLLWmVuQQJZ_11deacon_core6configNtB7_12ConfigMerger17merge_two_configss0_0B9_
FN:683,_RNCNvMs2_NtCshLLWmVuQQJZ_11deacon_core6configNtB7_12ConfigMerger17merge_two_configss1_0B9_
FN:684,_RNCNvMs2_NtCshLLWmVuQQJZ_11deacon_core6configNtB7_12ConfigMerger17merge_two_configss2_0B9_
FN:688,_RNCNvMs2_NtCshLLWmVuQQJZ_11deacon_core6configNtB7_12ConfigMerger17merge_two_configss3_0B9_
FN:692,_RNCNvMs2_NtCshLLWmVuQQJZ_11deacon_core6configNtB7_12ConfigMerger17merge_two_configss4_0B9_
FN:693,_RNCNvMs2_NtCshLLWmVuQQJZ_11deacon_core6configNtB7_12ConfigMerger17merge_two_configss5_0B9_
FN:697,_RNCNvMs2_NtCshLLWmVuQQJZ_11deacon_core6configNtB7_12ConfigMerger17merge_two_configss6_0B9_
FN:703,_RNCNvMs2_NtCshLLWmVuQQJZ_11deacon_core6configNtB7_12ConfigMerger17merge_two_configss7_0B9_
FN:704,_RNCNvMs2_NtCshLLWmVuQQJZ_11deacon_core6configNtB7_12ConfigMerger17merge_two_configss8_0B9_
FN:730,_RNCNvMs2_NtCshLLWmVuQQJZ_11deacon_core6configNtB7_12ConfigMerger17merge_two_configss9_0B9_
FN:678,_RNCNvMs2_NtCshLLWmVuQQJZ_11deacon_core6configNtB7_12ConfigMerger17merge_two_configss_0B9_
FN:734,_RNCNvMs2_NtCshLLWmVuQQJZ_11deacon_core6configNtB7_12ConfigMerger17merge_two_configssa_0B9_
FN:738,_RNCNvMs2_NtCshLLWmVuQQJZ_11deacon_core6configNtB7_12ConfigMerger17merge_two_configssb_0B9_
FN:742,_RNCNvMs2_NtCshLLWmVuQQJZ_11deacon_core6configNtB7_12ConfigMerger17merge_two_configssc_0B9_
FN:746,_RNCNvMs2_NtCshLLWmVuQQJZ_11deacon_core6configNtB7_12ConfigMerger17merge_two_configssd_0B9_
FN:750,_RNCNvMs2_NtCshLLWmVuQQJZ_11deacon_core6configNtB7_12ConfigMerger17merge_two_configsse_0B9_
FN:760,_RNCNvMs2_NtCshLLWmVuQQJZ_11deacon_core6configNtB7_12ConfigMerger17merge_two_configssf_0B9_
FN:764,_RNCNvMs2_NtCshLLWmVuQQJZ_11deacon_core6configNtB7_12ConfigMerger17merge_two_configssg_0B9_
FN:780,_RNCNvMs2_NtCshLLWmVuQQJZ_11deacon_core6configNtB7_12ConfigMerger17merge_two_configssh_0B9_
FN:982,_RNCNvMs3_NtCshLLWmVuQQJZ_11deacon_core6configNtB7_12ConfigLoader14load_from_path0B9_
FN:1001,_RNCNvMs3_NtCshLLWmVuQQJZ_11deacon_core6configNtB7_12ConfigLoader14load_from_paths0_0B9_
FN:988,_RNCNvMs3_NtCshLLWmVuQQJZ_11deacon_core6configNtB7_12ConfigLoader14load_from_paths_0B9_
FN:1083,_RNCNvMs3_NtCshLLWmVuQQJZ_11deacon_core6configNtB7_12ConfigLoader21resolve_extends_chain0B9_
FN:1098,_RNCNvMs3_NtCshLLWmVuQQJZ_11deacon_core6configNtB7_12ConfigLoader21resolve_extends_chains_0B9_
FN:53,_RNvMNtCshLLWmVuQQJZ_11deacon_core6configNtB2_8PortSpec12primary_port
FN:72,_RNvMNtCshLLWmVuQQJZ_11deacon_core6configNtB2_8PortSpec9as_string
FN:556,_RNvMs0_NtCshLLWmVuQQJZ_11deacon_core6configNtB5_18DevContainerConfig12uses_compose
FN:565,_RNvMs0_NtCshLLWmVuQQJZ_11deacon_core6configNtB5_18DevContainerConfig16get_all_services
FN:539,_RNvMs0_NtCshLLWmVuQQJZ_11deacon_core6configNtB5_18DevContainerConfig17get_compose_files
FN:579,_RNvMs0_NtCshLLWmVuQQJZ_11deacon_core6configNtB5_18DevContainerConfig25has_stop_compose_shutdown
FN:407,_RNvMs0_NtCshLLWmVuQQJZ_11deacon_core6configNtB5_18DevContainerConfig27apply_variable_substitution
FN:646,_RNvMs2_NtCshLLWmVuQQJZ_11deacon_core6configNtB5_12ConfigMerger13merge_configs
FN:809,_RNvMs2_NtCshLLWmVuQQJZ_11deacon_core6configNtB5_12ConfigMerger17merge_string_maps
FN:669,_RNvMs2_NtCshLLWmVuQQJZ_11deacon_core6configNtB5_12ConfigMerger17merge_two_configs
FN:785,_RNvMs2_NtCshLLWmVuQQJZ_11deacon_core6configNtB5_12ConfigMerger18merge_json_objects
FN:829,_RNvMs2_NtCshLLWmVuQQJZ_11deacon_core6configNtB5_12ConfigMerger20concat_string_arrays
FN:819,_RNvMs2_NtCshLLWmVuQQJZ_11deacon_core6configNtB5_12ConfigMerger26merge_optional_string_maps
FN:836,_RNvMs2_NtCshLLWmVuQQJZ_11deacon_core6configNtB5_12ConfigMerger26merge_port_attributes_maps
FN:971,_RNvMs3_NtCshLLWmVuQQJZ_11deacon_core6configNtB5_12ConfigLoader14load_from_path
FN:899,_RNvMs3_NtCshLLWmVuQQJZ_11deacon_core6configNtB5_12ConfigLoader15discover_config
FN:1273,_RNvMs3_NtCshLLWmVuQQJZ_11deacon_core6configNtB5_12ConfigLoader15validate_config
FN:1228,_RNvMs3_NtCshLLWmVuQQJZ_11deacon_core6configNtB5_12ConfigLoader16log_unknown_keys
FN:1044,_RNvMs3_NtCshLLWmVuQQJZ_11deacon_core6configNtB5_12ConfigLoader17load_with_extends
FN:1079,_RNvMs3_NtCshLLWmVuQQJZ_11deacon_core6configNtB5_12ConfigLoader21resolve_extends_chain
FN:1198,_RNvMs3_NtCshLLWmVuQQJZ_11deacon_core6configNtB5_12ConfigLoader22load_with_substitution
FN:1317,_RNvMs3_NtCshLLWmVuQQJZ_11deacon_core6configNtB5_12ConfigLoader24validate_port_attributes
FN:159,_RNvMs_NtCshLLWmVuQQJZ_11deacon_core6configNtB4_14ConfigLocation3new
FN:165,_RNvMs_NtCshLLWmVuQQJZ_11deacon_core6configNtB4_14ConfigLocation4path
FN:170,_RNvMs_NtCshLLWmVuQQJZ_11deacon_core6configNtB4_14ConfigLocation6exists
FN:32,_RNvNtCshLLWmVuQQJZ_11deacon_core6config20default_empty_object
FN:588,_RNvXs1_NtCshLLWmVuQQJZ_11deacon_core6configNtB5_18DevContainerConfigNtNtCs66KPHxksi63_4core7default7Default7default
FN:120,_RINvNtCs1G9XuckPzNo_11deacon_core6config19deserialize_extendsNtNtCs32YTT2bu1_10serde_json5value5ValueEB4_
FN:544,_RNCNvMs0_NtCs1G9XuckPzNo_11deacon_core6configNtB7_18DevContainerConfig17get_compose_files0B9_
FN:545,_RNCNvMs0_NtCs1G9XuckPzNo_11deacon_core6configNtB7_18DevContainerConfig17get_compose_filess_0B9_
FN:582,_RNCNvMs0_NtCs1G9XuckPzNo_11deacon_core6configNtB7_18DevContainerConfig25has_stop_compose_shutdown0B9_
FN:438,_RNCNvMs0_NtCs1G9XuckPzNo_11deacon_core6configNtB7_18DevContainerConfig27apply_variable_substitution0B9_
FN:452,_RNCNvMs0_NtCs1G9XuckPzNo_11deacon_core6configNtB7_18DevContainerConfig27apply_variable_substitutions0_0B9_
FN:445,_RNCNvMs0_NtCs1G9XuckPzNo_11deacon_core6configNtB7_18DevContainerConfig27apply_variable_substitutions_0B9_
FN:675,_RNCNvMs2_NtCs1G9XuckPzNo_11deacon_core6configNtB7_12ConfigMerger17merge_two_configs0B9_
FN:679,_RNCNvMs2_NtCs1G9XuckPzNo_11deacon_core6configNtB7_12ConfigMerger17merge_two_configss0_0B9_
FN:683,_RNCNvMs2_NtCs1G9XuckPzNo_11deacon_core6configNtB7_12ConfigMerger17merge_two_configss1_0B9_
FN:684,_RNCNvMs2_NtCs1G9XuckPzNo_11deacon_core6configNtB7_12ConfigMerger17merge_two_configss2_0B9_
FN:688,_RNCNvMs2_NtCs1G9XuckPzNo_11deacon_core6configNtB7_12ConfigMerger17merge_two_configss3_0B9_
FN:692,_RNCNvMs2_NtCs1G9XuckPzNo_11deacon_core6configNtB7_12ConfigMerger17merge_two_configss4_0B9_
FN:693,_RNCNvMs2_NtCs1G9XuckPzNo_11deacon_core6configNtB7_12ConfigMerger17merge_two_configss5_0B9_
FN:697,_RNCNvMs2_NtCs1G9XuckPzNo_11deacon_core6configNtB7_12ConfigMerger17merge_two_configss6_0B9_
FN:703,_RNCNvMs2_NtCs1G9XuckPzNo_11deacon_core6configNtB7_12ConfigMerger17merge_two_configss7_0B9_
FN:704,_RNCNvMs2_NtCs1G9XuckPzNo_11deacon_core6configNtB7_12ConfigMerger17merge_two_configss8_0B9_
FN:730,_RNCNvMs2_NtCs1G9XuckPzNo_11deacon_core6configNtB7_12ConfigMerger17merge_two_configss9_0B9_
FN:678,_RNCNvMs2_NtCs1G9XuckPzNo_11deacon_core6configNtB7_12ConfigMerger17merge_two_configss_0B9_
FN:734,_RNCNvMs2_NtCs1G9XuckPzNo_11deacon_core6configNtB7_12ConfigMerger17merge_two_configssa_0B9_
FN:738,_RNCNvMs2_NtCs1G9XuckPzNo_11deacon_core6configNtB7_12ConfigMerger17merge_two_configssb_0B9_
FN:742,_RNCNvMs2_NtCs1G9XuckPzNo_11deacon_core6configNtB7_12ConfigMerger17merge_two_configssc_0B9_
FN:746,_RNCNvMs2_NtCs1G9XuckPzNo_11deacon_core6configNtB7_12ConfigMerger17merge_two_configssd_0B9_
FN:750,_RNCNvMs2_NtCs1G9XuckPzNo_11deacon_core6configNtB7_12ConfigMerger17merge_two_configsse_0B9_
FN:760,_RNCNvMs2_NtCs1G9XuckPzNo_11deacon_core6configNtB7_12ConfigMerger17merge_two_configssf_0B9_
FN:764,_RNCNvMs2_NtCs1G9XuckPzNo_11deacon_core6configNtB7_12ConfigMerger17merge_two_configssg_0B9_
FN:780,_RNCNvMs2_NtCs1G9XuckPzNo_11deacon_core6configNtB7_12ConfigMerger17merge_two_configssh_0B9_
FN:982,_RNCNvMs3_NtCs1G9XuckPzNo_11deacon_core6configNtB7_12ConfigLoader14load_from_path0B9_
FN:1001,_RNCNvMs3_NtCs1G9XuckPzNo_11deacon_core6configNtB7_12ConfigLoader14load_from_paths0_0B9_
FN:988,_RNCNvMs3_NtCs1G9XuckPzNo_11deacon_core6configNtB7_12ConfigLoader14load_from_paths_0B9_
FN:1083,_RNCNvMs3_NtCs1G9XuckPzNo_11deacon_core6configNtB7_12ConfigLoader21resolve_extends_chain0B9_
FN:1098,_RNCNvMs3_NtCs1G9XuckPzNo_11deacon_core6configNtB7_12ConfigLoader21resolve_extends_chains_0B9_
FN:1044,_RNvMs3_NtCs1G9XuckPzNo_11deacon_core6configNtB5_12ConfigLoader17load_with_extends
FN:1079,_RNvMs3_NtCs1G9XuckPzNo_11deacon_core6configNtB5_12ConfigLoader21resolve_extends_chain
FN:1376,_RNvNtNtCs1G9XuckPzNo_11deacon_core6config5testss_19test_config_default
FN:1735,_RNvNtNtCs1G9XuckPzNo_11deacon_core6config5testss_21test_port_spec_number
FN:1442,_RNvNtNtCs1G9XuckPzNo_11deacon_core6config5testss_22test_load_invalid_json
FN:1430,_RNvNtNtCs1G9XuckPzNo_11deacon_core6config5testss_24test_load_file_not_found
FN:1552,_RNvNtNtCs1G9XuckPzNo_11deacon_core6config5testss_24test_unknown_keys_logged
FN:1510,_RNvNtNtCs1G9XuckPzNo_11deacon_core6config5testss_26test_extends_field_parsing
FN:1680,_RNvNtNtCs1G9XuckPzNo_11deacon_core6config5testss_27test_load_with_substitution
FN:1816,_RNvNtNtCs1G9XuckPzNo_11deacon_core6config5testss_28test_port_attributes_partial
FN:1742,_RNvNtNtCs1G9XuckPzNo_11deacon_core6config5testss_28test_port_spec_string_number
FN:1756,_RNvNtNtCs1G9XuckPzNo_11deacon_core6config5testss_29test_port_spec_string_invalid
FN:1749,_RNvNtNtCs1G9XuckPzNo_11deacon_core6config5testss_29test_port_spec_string_mapping
FN:1997,_RNvNtNtCs1G9XuckPzNo_11deacon_core6config5testss_30test_config_user_mapping_merge
FN:1617,_RNvNtNtCs1G9XuckPzNo_11deacon_core6config5testss_30test_discover_config_root_file
FN:1763,_RNvNtNtCs1G9XuckPzNo_11deacon_core6config5testss_30test_port_spec_deserialization
FN:1652,_RNvNtNtCs1G9XuckPzNo_11deacon_core6config5testss_35test_discover_config_no_file_exists
FN:1970,_RNvNtNtCs1G9XuckPzNo_11deacon_core6config5testss_36test_config_with_user_mapping_fields
FN:1391,_RNvNtNtCs1G9XuckPzNo_11deacon_core6config5testss_36test_load_valid_config_with_comments
FN:1778,_RNvNtNtCs1G9XuckPzNo_11deacon_core6config5testss_36test_on_auto_forward_deserialization
FN:1796,_RNvNtNtCs1G9XuckPzNo_11deacon_core6config5testss_36test_port_attributes_deserialization
FN:1832,_RNvNtNtCs1G9XuckPzNo_11deacon_core6config5testss_37test_config_with_ports_and_attributes
FN:1600,_RNvNtNtCs1G9XuckPzNo_11deacon_core6config5testss_37test_discover_config_devcontainer_dir
FN:1631,_RNvNtNtCs1G9XuckPzNo_11deacon_core6config5testss_37test_discover_config_preference_order
FN:1572,_RNvNtNtCs1G9XuckPzNo_11deacon_core6config5testss_37test_empty_arrays_and_objects_default
FN:1891,_RNvNtNtCs1G9XuckPzNo_11deacon_core6config5testss_37test_port_validation_valid_references
FN:1915,_RNvNtNtCs1G9XuckPzNo_11deacon_core6config5testss_38test_port_validation_with_string_ports
FN:1958,_RNvNtNtCs1G9XuckPzNo_11deacon_core6config5testss_39test_config_default_includes_new_fields
FN:1936,_RNvNtNtCs1G9XuckPzNo_11deacon_core6config5testss_39test_port_validation_missing_references
FN:1487,_RNvNtNtCs1G9XuckPzNo_11deacon_core6config5testss_39test_validation_invalid_shutdown_action
FN:1668,_RNvNtNtCs1G9XuckPzNo_11deacon_core6config5testss_41test_discover_config_workspace_not_exists
FN:1464,_RNvNtNtCs1G9XuckPzNo_11deacon_core6config5testss_41test_validation_both_image_and_dockerfile
FN:53,_RNvMNtCs1G9XuckPzNo_11deacon_core6configNtB2_8PortSpec12primary_port
FN:72,_RNvMNtCs1G9XuckPzNo_11deacon_core6configNtB2_8PortSpec9as_string
FN:556,_RNvMs0_NtCs1G9XuckPzNo_11deacon_core6configNtB5_18DevContainerConfig12uses_compose
FN:565,_RNvMs0_NtCs1G9XuckPzNo_11deacon_core6configNtB5_18DevContainerConfig16get_all_services
FN:539,_RNvMs0_NtCs1G9XuckPzNo_11deacon_core6configNtB5_18DevContainerConfig17get_compose_files
FN:579,_RNvMs0_NtCs1G9XuckPzNo_11deacon_core6configNtB5_18DevContainerConfig25has_stop_compose_shutdown
FN:407,_RNvMs0_NtCs1G9XuckPzNo_11deacon_core6configNtB5_18DevContainerConfig27apply_variable_substitution
FN:646,_RNvMs2_NtCs1G9XuckPzNo_11deacon_core6configNtB5_12ConfigMerger13merge_configs
FN:809,_RNvMs2_NtCs1G9XuckPzNo_11deacon_core6configNtB5_12ConfigMerger17merge_string_maps
FN:669,_RNvMs2_NtCs1G9XuckPzNo_11deacon_core6configNtB5_12ConfigMerger17merge_two_configs
FN:785,_RNvMs2_NtCs1G9XuckPzNo_11deacon_core6configNtB5_12ConfigMerger18merge_json_objects
FN:829,_RNvMs2_NtCs1G9XuckPzNo_11deacon_core6configNtB5_12ConfigMerger20concat_string_arrays
FN:819,_RNvMs2_NtCs1G9XuckPzNo_11deacon_core6configNtB5_12ConfigMerger26merge_optional_string_maps
FN:836,_RNvMs2_NtCs1G9XuckPzNo_11deacon_core6configNtB5_12ConfigMerger26merge_port_attributes_maps
FN:971,_RNvMs3_NtCs1G9XuckPzNo_11deacon_core6configNtB5_12ConfigLoader14load_from_path
FN:899,_RNvMs3_NtCs1G9XuckPzNo_11deacon_core6configNtB5_12ConfigLoader15discover_config
FN:1273,_RNvMs3_NtCs1G9XuckPzNo_11deacon_core6configNtB5_12ConfigLoader15validate_config
FN:1228,_RNvMs3_NtCs1G9XuckPzNo_11deacon_core6configNtB5_12ConfigLoader16log_unknown_keys
FN:1198,_RNvMs3_NtCs1G9XuckPzNo_11deacon_core6configNtB5_12ConfigLoader22load_with_substitution
FN:1317,_RNvMs3_NtCs1G9XuckPzNo_11deacon_core6configNtB5_12ConfigLoader24validate_port_attributes
FN:159,_RNvMs_NtCs1G9XuckPzNo_11deacon_core6configNtB4_14ConfigLocation3new
FN:165,_RNvMs_NtCs1G9XuckPzNo_11deacon_core6configNtB4_14ConfigLocation4path
FN:170,_RNvMs_NtCs1G9XuckPzNo_11deacon_core6configNtB4_14ConfigLocation6exists
FN:32,_RNvNtCs1G9XuckPzNo_11deacon_core6config20default_empty_object
FN:588,_RNvXs1_NtCs1G9XuckPzNo_11deacon_core6configNtB5_18DevContainerConfigNtNtCs66KPHxksi63_4core7default7Default7default
FNDA:10,_RINvNtCshLLWmVuQQJZ_11deacon_core6config19deserialize_extendsNtNtCs32YTT2bu1_10serde_json5value5ValueEB4_
FNDA:6,_RNCNvMs0_NtCshLLWmVuQQJZ_11deacon_core6configNtB7_18DevContainerConfig17get_compose_files0B9_
FNDA:6,_RNCNvMs0_NtCshLLWmVuQQJZ_11deacon_core6configNtB7_18DevContainerConfig17get_compose_filess_0B9_
FNDA:5,_RNCNvMs0_NtCshLLWmVuQQJZ_11deacon_core6configNtB7_18DevContainerConfig25has_stop_compose_shutdown0B9_
FNDA:11,_RNCNvMs0_NtCshLLWmVuQQJZ_11deacon_core6configNtB7_18DevContainerConfig27apply_variable_substitution0B9_
FNDA:19,_RNCNvMs0_NtCshLLWmVuQQJZ_11deacon_core6configNtB7_18DevContainerConfig27apply_variable_substitutions0_0B9_
FNDA:10,_RNCNvMs0_NtCshLLWmVuQQJZ_11deacon_core6configNtB7_18DevContainerConfig27apply_variable_substitutions_0B9_
FNDA:16,_RNCNvMs2_NtCshLLWmVuQQJZ_11deacon_core6configNtB7_12ConfigMerger17merge_two_configs0B9_
FNDA:13,_RNCNvMs2_NtCshLLWmVuQQJZ_11deacon_core6configNtB7_12ConfigMerger17merge_two_configss0_0B9_
FNDA:16,_RNCNvMs2_NtCshLLWmVuQQJZ_11deacon_core6configNtB7_12ConfigMerger17merge_two_configss1_0B9_
FNDA:16,_RNCNvMs2_NtCshLLWmVuQQJZ_11deacon_core6configNtB7_12ConfigMerger17merge_two_configss2_0B9_
FNDA:16,_RNCNvMs2_NtCshLLWmVuQQJZ_11deacon_core6configNtB7_12ConfigMerger17merge_two_configss3_0B9_
FNDA:16,_RNCNvMs2_NtCshLLWmVuQQJZ_11deacon_core6configNtB7_12ConfigMerger17merge_two_configss4_0B9_
FNDA:16,_RNCNvMs2_NtCshLLWmVuQQJZ_11deacon_core6configNtB7_12ConfigMerger17merge_two_configss5_0B9_
FNDA:16,_RNCNvMs2_NtCshLLWmVuQQJZ_11deacon_core6configNtB7_12ConfigMerger17merge_two_configss6_0B9_
FNDA:16,_RNCNvMs2_NtCshLLWmVuQQJZ_11deacon_core6configNtB7_12ConfigMerger17merge_two_configss7_0B9_
FNDA:16,_RNCNvMs2_NtCshLLWmVuQQJZ_11deacon_core6configNtB7_12ConfigMerger17merge_two_configss8_0B9_
FNDA:16,_RNCNvMs2_NtCshLLWmVuQQJZ_11deacon_core6configNtB7_12ConfigMerger17merge_two_configss9_0B9_
FNDA:8,_RNCNvMs2_NtCshLLWmVuQQJZ_11deacon_core6configNtB7_12ConfigMerger17merge_two_configss_0B9_
FNDA:15,_RNCNvMs2_NtCshLLWmVuQQJZ_11deacon_core6configNtB7_12ConfigMerger17merge_two_configssa_0B9_
FNDA:14,_RNCNvMs2_NtCshLLWmVuQQJZ_11deacon_core6configNtB7_12ConfigMerger17merge_two_configssb_0B9_
FNDA:15,_RNCNvMs2_NtCshLLWmVuQQJZ_11deacon_core6configNtB7_12ConfigMerger17merge_two_configssc_0B9_
FNDA:16,_RNCNvMs2_NtCshLLWmVuQQJZ_11deacon_core6configNtB7_12ConfigMerger17merge_two_configssd_0B9_
FNDA:16,_RNCNvMs2_NtCshLLWmVuQQJZ_11deacon_core6configNtB7_12ConfigMerger17merge_two_configsse_0B9_
FNDA:16,_RNCNvMs2_NtCshLLWmVuQQJZ_11deacon_core6configNtB7_12ConfigMerger17merge_two_configssf_0B9_
FNDA:16,_RNCNvMs2_NtCshLLWmVuQQJZ_11deacon_core6configNtB7_12ConfigMerger17merge_two_configssg_0B9_
FNDA:16,_RNCNvMs2_NtCshLLWmVuQQJZ_11deacon_core6configNtB7_12ConfigMerger17merge_two_configssh_0B9_
FNDA:0,_RNCNvMs3_NtCshLLWmVuQQJZ_11deacon_core6configNtB7_12ConfigLoader14load_from_path0B9_
FNDA:0,_RNCNvMs3_NtCshLLWmVuQQJZ_11deacon_core6configNtB7_12ConfigLoader14load_from_paths0_0B9_
FNDA:2,_RNCNvMs3_NtCshLLWmVuQQJZ_11deacon_core6configNtB7_12ConfigLoader14load_from_paths_0B9_
FNDA:0,_RNCNvMs3_NtCshLLWmVuQQJZ_11deacon_core6configNtB7_12ConfigLoader21resolve_extends_chain0B9_
FNDA:3,_RNCNvMs3_NtCshLLWmVuQQJZ_11deacon_core6configNtB7_12ConfigLoader21resolve_extends_chains_0B9_
FNDA:5,_RNvMNtCshLLWmVuQQJZ_11deacon_core6configNtB2_8PortSpec12primary_port
FNDA:0,_RNvMNtCshLLWmVuQQJZ_11deacon_core6configNtB2_8PortSpec9as_string
FNDA:19,_RNvMs0_NtCshLLWmVuQQJZ_11deacon_core6configNtB5_18DevContainerConfig12uses_compose
FNDA:1,_RNvMs0_NtCshLLWmVuQQJZ_11deacon_core6configNtB5_18DevContainerConfig16get_all_services
FNDA:10,_RNvMs0_NtCshLLWmVuQQJZ_11deacon_core6configNtB5_18DevContainerConfig17get_compose_files
FNDA:8,_RNvMs0_NtCshLLWmVuQQJZ_11deacon_core6configNtB5_18DevContainerConfig25has_stop_compose_shutdown
FNDA:16,_RNvMs0_NtCshLLWmVuQQJZ_11deacon_core6configNtB5_18DevContainerConfig27apply_variable_substitution
FNDA:9,_RNvMs2_NtCshLLWmVuQQJZ_11deacon_core6configNtB5_12ConfigMerger13merge_configs
FNDA:16,_RNvMs2_NtCshLLWmVuQQJZ_11deacon_core6configNtB5_12ConfigMerger17merge_string_maps
FNDA:16,_RNvMs2_NtCshLLWmVuQQJZ_11deacon_core6configNtB5_12ConfigMerger17merge_two_configs
FNDA:34,_RNvMs2_NtCshLLWmVuQQJZ_11deacon_core6configNtB5_12ConfigMerger18merge_json_objects
FNDA:16,_RNvMs2_NtCshLLWmVuQQJZ_11deacon_core6configNtB5_12ConfigMerger20concat_string_arrays
FNDA:16,_RNvMs2_NtCshLLWmVuQQJZ_11deacon_core6configNtB5_12ConfigMerger26merge_optional_string_maps
FNDA:16,_RNvMs2_NtCshLLWmVuQQJZ_11deacon_core6configNtB5_12ConfigMerger26merge_port_attributes_maps
FNDA:50,_RNvMs3_NtCshLLWmVuQQJZ_11deacon_core6configNtB5_12ConfigLoader14load_from_path
FNDA:30,_RNvMs3_NtCshLLWmVuQQJZ_11deacon_core6configNtB5_12ConfigLoader15discover_config
FNDA:48,_RNvMs3_NtCshLLWmVuQQJZ_11deacon_core6configNtB5_12ConfigLoader15validate_config
FNDA:48,_RNvMs3_NtCshLLWmVuQQJZ_11deacon_core6configNtB5_12ConfigLoader16log_unknown_keys
FNDA:7,_RNvMs3_NtCshLLWmVuQQJZ_11deacon_core6configNtB5_12ConfigLoader17load_with_extends
FNDA:17,_RNvMs3_NtCshLLWmVuQQJZ_11deacon_core6configNtB5_12ConfigLoader21resolve_extends_chain
FNDA:1,_RNvMs3_NtCshLLWmVuQQJZ_11deacon_core6configNtB5_12ConfigLoader22load_with_substitution
FNDA:48,_RNvMs3_NtCshLLWmVuQQJZ_11deacon_core6configNtB5_12ConfigLoader24validate_port_attributes
FNDA:30,_RNvMs_NtCshLLWmVuQQJZ_11deacon_core6configNtB4_14ConfigLocation3new
FNDA:32,_RNvMs_NtCshLLWmVuQQJZ_11deacon_core6configNtB4_14ConfigLocation4path
FNDA:30,_RNvMs_NtCshLLWmVuQQJZ_11deacon_core6configNtB4_14ConfigLocation6exists
FNDA:138,_RNvNtCshLLWmVuQQJZ_11deacon_core6config20default_empty_object
FNDA:29,_RNvXs1_NtCshLLWmVuQQJZ_11deacon_core6configNtB5_18DevContainerConfigNtNtCs66KPHxksi63_4core7default7Default7default
FNDA:2,_RINvNtCs1G9XuckPzNo_11deacon_core6config19deserialize_extendsNtNtCs32YTT2bu1_10serde_json5value5ValueEB4_
FNDA:2,_RNCNvMs0_NtCs1G9XuckPzNo_11deacon_core6configNtB7_18DevContainerConfig17get_compose_files0B9_
FNDA:2,_RNCNvMs0_NtCs1G9XuckPzNo_11deacon_core6configNtB7_18DevContainerConfig17get_compose_filess_0B9_
FNDA:1,_RNCNvMs0_NtCs1G9XuckPzNo_11deacon_core6configNtB7_18DevContainerConfig25has_stop_compose_shutdown0B9_
FNDA:1,_RNCNvMs0_NtCs1G9XuckPzNo_11deacon_core6configNtB7_18DevContainerConfig27apply_variable_substitution0B9_
FNDA:2,_RNCNvMs0_NtCs1G9XuckPzNo_11deacon_core6configNtB7_18DevContainerConfig27apply_variable_substitutions0_0B9_
FNDA:2,_RNCNvMs0_NtCs1G9XuckPzNo_11deacon_core6configNtB7_18DevContainerConfig27apply_variable_substitutions_0B9_
FNDA:2,_RNCNvMs2_NtCs1G9XuckPzNo_11deacon_core6configNtB7_12ConfigMerger17merge_two_configs0B9_
FNDA:1,_RNCNvMs2_NtCs1G9XuckPzNo_11deacon_core6configNtB7_12ConfigMerger17merge_two_configss0_0B9_
FNDA:2,_RNCNvMs2_NtCs1G9XuckPzNo_11deacon_core6configNtB7_12ConfigMerger17merge_two_configss1_0B9_
FNDA:2,_RNCNvMs2_NtCs1G9XuckPzNo_11deacon_core6configNtB7_12ConfigMerger17merge_two_configss2_0B9_
FNDA:2,_RNCNvMs2_NtCs1G9XuckPzNo_11deacon_core6configNtB7_12ConfigMerger17merge_two_configss3_0B9_
FNDA:2,_RNCNvMs2_NtCs1G9XuckPzNo_11deacon_core6configNtB7_12ConfigMerger17merge_two_configss4_0B9_
FNDA:2,_RNCNvMs2_NtCs1G9XuckPzNo_11deacon_core6configNtB7_12ConfigMerger17merge_two_configss5_0B9_
FNDA:2,_RNCNvMs2_NtCs1G9XuckPzNo_11deacon_core6configNtB7_12ConfigMerger17merge_two_configss6_0B9_
FNDA:2,_RNCNvMs2_NtCs1G9XuckPzNo_11deacon_core6configNtB7_12ConfigMerger17merge_two_configss7_0B9_
FNDA:2,_RNCNvMs2_NtCs1G9XuckPzNo_11deacon_core6configNtB7_12ConfigMerger17merge_two_configss8_0B9_
FNDA:2,_RNCNvMs2_NtCs1G9XuckPzNo_11deacon_core6configNtB7_12ConfigMerger17merge_two_configss9_0B9_
FNDA:0,_RNCNvMs2_NtCs1G9XuckPzNo_11deacon_core6configNtB7_12ConfigMerger17merge_two_configss_0B9_
FNDA:2,_RNCNvMs2_NtCs1G9XuckPzNo_11deacon_core6configNtB7_12ConfigMerger17merge_two_configssa_0B9_
FNDA:2,_RNCNvMs2_NtCs1G9XuckPzNo_11deacon_core6configNtB7_12ConfigMerger17merge_two_configssb_0B9_
FNDA:2,_RNCNvMs2_NtCs1G9XuckPzNo_11deacon_core6configNtB7_12ConfigMerger17merge_two_configssc_0B9_
FNDA:2,_RNCNvMs2_NtCs1G9XuckPzNo_11deacon_core6configNtB7_12ConfigMerger17merge_two_configssd_0B9_
FNDA:2,_RNCNvMs2_NtCs1G9XuckPzNo_11deacon_core6configNtB7_12ConfigMerger17merge_two_configsse_0B9_
FNDA:1,_RNCNvMs2_NtCs1G9XuckPzNo_11deacon_core6configNtB7_12ConfigMerger17merge_two_configssf_0B9_
FNDA:0,_RNCNvMs2_NtCs1G9XuckPzNo_11deacon_core6configNtB7_12ConfigMerger17merge_two_configssg_0B9_
FNDA:2,_RNCNvMs2_NtCs1G9XuckPzNo_11deacon_core6configNtB7_12ConfigMerger17merge_two_configssh_0B9_
FNDA:0,_RNCNvMs3_NtCs1G9XuckPzNo_11deacon_core6configNtB7_12ConfigLoader14load_from_path0B9_
FNDA:0,_RNCNvMs3_NtCs1G9XuckPzNo_11deacon_core6configNtB7_12ConfigLoader14load_from_paths0_0B9_
FNDA:1,_RNCNvMs3_NtCs1G9XuckPzNo_11deacon_core6configNtB7_12ConfigLoader14load_from_paths_0B9_
FNDA:0,_RNCNvMs3_NtCs1G9XuckPzNo_11deacon_core6configNtB7_12ConfigLoader21resolve_extends_chain0B9_
FNDA:0,_RNCNvMs3_NtCs1G9XuckPzNo_11deacon_core6configNtB7_12ConfigLoader21resolve_extends_chains_0B9_
FNDA:0,_RNvMs3_NtCs1G9XuckPzNo_11deacon_core6configNtB5_12ConfigLoader17load_with_extends
FNDA:0,_RNvMs3_NtCs1G9XuckPzNo_11deacon_core6configNtB5_12ConfigLoader21resolve_extends_chain
FNDA:1,_RNvNtNtCs1G9XuckPzNo_11deacon_core6config5testss_19test_config_default
FNDA:1,_RNvNtNtCs1G9XuckPzNo_11deacon_core6config5testss_21test_port_spec_number
FNDA:1,_RNvNtNtCs1G9XuckPzNo_11deacon_core6config5testss_22test_load_invalid_json
FNDA:1,_RNvNtNtCs1G9XuckPzNo_11deacon_core6config5testss_24test_load_file_not_found
FNDA:1,_RNvNtNtCs1G9XuckPzNo_11deacon_core6config5testss_24test_unknown_keys_logged
FNDA:1,_RNvNtNtCs1G9XuckPzNo_11deacon_core6config5testss_26test_extends_field_parsing
FNDA:1,_RNvNtNtCs1G9XuckPzNo_11deacon_core6config5testss_27test_load_with_substitution
FNDA:1,_RNvNtNtCs1G9XuckPzNo_11deacon_core6config5testss_28test_port_attributes_partial
FNDA:1,_RNvNtNtCs1G9XuckPzNo_11deacon_core6config5testss_28test_port_spec_string_number
FNDA:1,_RNvNtNtCs1G9XuckPzNo_11deacon_core6config5testss_29test_port_spec_string_invalid
FNDA:1,_RNvNtNtCs1G9XuckPzNo_11deacon_core6config5testss_29test_port_spec_string_mapping
FNDA:1,_RNvNtNtCs1G9XuckPzNo_11deacon_core6config5testss_30test_config_user_mapping_merge
FNDA:1,_RNvNtNtCs1G9XuckPzNo_11deacon_core6config5testss_30test_discover_config_root_file
FNDA:1,_RNvNtNtCs1G9XuckPzNo_11deacon_core6config5testss_30test_port_spec_deserialization
FNDA:1,_RNvNtNtCs1G9XuckPzNo_11deacon_core6config5testss_35test_discover_config_no_file_exists
FNDA:1,_RNvNtNtCs1G9XuckPzNo_11deacon_core6config5testss_36test_config_with_user_mapping_fields
FNDA:1,_RNvNtNtCs1G9XuckPzNo_11deacon_core6config5testss_36test_load_valid_config_with_comments
FNDA:1,_RNvNtNtCs1G9XuckPzNo_11deacon_core6config5testss_36test_on_auto_forward_deserialization
FNDA:1,_RNvNtNtCs1G9XuckPzNo_11deacon_core6config5testss_36test_port_attributes_deserialization
FNDA:1,_RNvNtNtCs1G9XuckPzNo_11deacon_core6config5testss_37test_config_with_ports_and_attributes
FNDA:1,_RNvNtNtCs1G9XuckPzNo_11deacon_core6config5testss_37test_discover_config_devcontainer_dir
FNDA:1,_RNvNtNtCs1G9XuckPzNo_11deacon_core6config5testss_37test_discover_config_preference_order
FNDA:1,_RNvNtNtCs1G9XuckPzNo_11deacon_core6config5testss_37test_empty_arrays_and_objects_default
FNDA:1,_RNvNtNtCs1G9XuckPzNo_11deacon_core6config5testss_37test_port_validation_valid_references
FNDA:1,_RNvNtNtCs1G9XuckPzNo_11deacon_core6config5testss_38test_port_validation_with_string_ports
FNDA:1,_RNvNtNtCs1G9XuckPzNo_11deacon_core6config5testss_39test_config_default_includes_new_fields
FNDA:1,_RNvNtNtCs1G9XuckPzNo_11deacon_core6config5testss_39test_port_validation_missing_references
FNDA:1,_RNvNtNtCs1G9XuckPzNo_11deacon_core6config5testss_39test_validation_invalid_shutdown_action
FNDA:1,_RNvNtNtCs1G9XuckPzNo_11deacon_core6config5testss_41test_discover_config_workspace_not_exists
FNDA:1,_RNvNtNtCs1G9XuckPzNo_11deacon_core6config5testss_41test_validation_both_image_and_dockerfile
FNDA:17,_RNvMNtCs1G9XuckPzNo_11deacon_core6configNtB2_8PortSpec12primary_port
FNDA:14,_RNvMNtCs1G9XuckPzNo_11deacon_core6configNtB2_8PortSpec9as_string
FNDA:1,_RNvMs0_NtCs1G9XuckPzNo_11deacon_core6configNtB5_18DevContainerConfig12uses_compose
FNDA:2,_RNvMs0_NtCs1G9XuckPzNo_11deacon_core6configNtB5_18DevContainerConfig16get_all_services
FNDA:2,_RNvMs0_NtCs1G9XuckPzNo_11deacon_core6configNtB5_18DevContainerConfig17get_compose_files
FNDA:1,_RNvMs0_NtCs1G9XuckPzNo_11deacon_core6configNtB5_18DevContainerConfig25has_stop_compose_shutdown
FNDA:1,_RNvMs0_NtCs1G9XuckPzNo_11deacon_core6configNtB5_18DevContainerConfig27apply_variable_substitution
FNDA:1,_RNvMs2_NtCs1G9XuckPzNo_11deacon_core6configNtB5_12ConfigMerger13merge_configs
FNDA:2,_RNvMs2_NtCs1G9XuckPzNo_11deacon_core6configNtB5_12ConfigMerger17merge_string_maps
FNDA:2,_RNvMs2_NtCs1G9XuckPzNo_11deacon_core6configNtB5_12ConfigMerger17merge_two_configs
FNDA:4,_RNvMs2_NtCs1G9XuckPzNo_11deacon_core6configNtB5_12ConfigMerger18merge_json_objects
FNDA:2,_RNvMs2_NtCs1G9XuckPzNo_11deacon_core6configNtB5_12ConfigMerger20concat_string_arrays
FNDA:2,_RNvMs2_NtCs1G9XuckPzNo_11deacon_core6configNtB5_12ConfigMerger26merge_optional_string_maps
FNDA:2,_RNvMs2_NtCs1G9XuckPzNo_11deacon_core6configNtB5_12ConfigMerger26merge_port_attributes_maps
FNDA:15,_RNvMs3_NtCs1G9XuckPzNo_11deacon_core6configNtB5_12ConfigLoader14load_from_path
FNDA:5,_RNvMs3_NtCs1G9XuckPzNo_11deacon_core6configNtB5_12ConfigLoader15discover_config
FNDA:13,_RNvMs3_NtCs1G9XuckPzNo_11deacon_core6configNtB5_12ConfigLoader15validate_config
FNDA:13,_RNvMs3_NtCs1G9XuckPzNo_11deacon_core6configNtB5_12ConfigLoader16log_unknown_keys
FNDA:1,_RNvMs3_NtCs1G9XuckPzNo_11deacon_core6configNtB5_12ConfigLoader22load_with_substitution
FNDA:11,_RNvMs3_NtCs1G9XuckPzNo_11deacon_core6configNtB5_12ConfigLoader24validate_port_attributes
FNDA:4,_RNvMs_NtCs1G9XuckPzNo_11deacon_core6configNtB4_14ConfigLocation3new
FNDA:4,_RNvMs_NtCs1G9XuckPzNo_11deacon_core6configNtB4_14ConfigLocation4path
FNDA:4,_RNvMs_NtCs1G9XuckPzNo_11deacon_core6configNtB4_14ConfigLocation6exists
FNDA:52,_RNvNtCs1G9XuckPzNo_11deacon_core6config20default_empty_object
FNDA:14,_RNvXs1_NtCs1G9XuckPzNo_11deacon_core6configNtB5_18DevContainerConfigNtNtCs66KPHxksi63_4core7default7Default7default
FNF:89
FNH:86
DA:32,190
DA:33,190
DA:34,190
DA:53,22
DA:54,22
DA:55,14
DA:56,8
DA:58,8
DA:59,2
DA:60,6
DA:62,6
DA:63,6
DA:65,0
DA:69,22
DA:72,14
DA:73,14
DA:74,8
DA:75,6
DA:77,14
DA:120,12
DA:121,12
DA:122,12
DA:123,12
DA:124,12
DA:128,12
[...]
FNDA:1,_RNCNvNtNtCsg3KGOJsATZq_6deacon8commands4exec31determine_container_working_dir0B7_
FNDA:0,_RNCNvNtNtCsg3KGOJsATZq_6deacon8commands4exec12execute_exec0B7_
FNDA:0,_RNCNvNtNtCsg3KGOJsATZq_6deacon8commands4exec24resolve_target_container0B7_
FNDA:0,_RNvNtNtCsg3KGOJsATZq_6deacon8commands4exec12execute_exec
FNDA:0,_RNvNtNtCsg3KGOJsATZq_6deacon8commands4exec24resolve_target_container
FNDA:3,_RNvNtNtCsg3KGOJsATZq_6deacon8commands4exec31determine_container_working_dir
FNDA:1,_RNvNtNtNtCsg3KGOJsATZq_6deacon8commands4exec5testss_44test_determine_container_working_dir_default
FNDA:1,_RNvNtNtNtCsg3KGOJsATZq_6deacon8commands4exec5testss_45test_determine_container_working_dir_fallback
FNDA:1,_RNvNtNtNtCsg3KGOJsATZq_6deacon8commands4exec5testss_48test_determine_container_working_dir_with_config
FNF:9
FNH:9
DA:34,2
DA:35,2
DA:36,2
DA:37,2
DA:38,2
DA:77,2
DA:81,6
DA:82,6
DA:83,6
DA:84,6
DA:86,6
DA:87,2
DA:88,0
DA:91,2
DA:94,4
DA:95,4
DA:96,4
DA:97,4
DA:98,4
DA:99,4
DA:100,0
DA:103,4
DA:105,6
DA:109,6
DA:199,6
DA:208,2
DA:209,2
DA:210,2
DA:211,2
DA:212,2
DA:214,2
DA:215,2
DA:217,2
DA:218,2
DA:219,2
DA:222,2
DA:223,2
DA:224,2
DA:225,2
DA:226,2
DA:228,2
DA:229,2
DA:230,2
DA:232,2
DA:233,2
DA:234,2
DA:237,2
DA:238,2
DA:239,2
DA:240,2
DA:241,2
DA:244,2
DA:245,2
DA:246,2
BRF:0
BRH:0
LF:57
LH:55
end_of_record
SF:/home/runner/work/deacon/deacon/crates/deacon/src/commands/read_configuration.rs
FN:24,_RNvNtNtCsgueokGkgs2b_6deacon8commands18read_configuration26execute_read_configuration
FN:24,_RNCNvNtNtCsgueokGkgs2b_6deacon8commands18read_configuration26execute_read_configuration0B7_
FN:24,_RNvNtNtCs3h5i2ndpMQu_6deacon8commands18read_configuration26execute_read_configuration
FN:81,_RNCNvNtNtNtCs3h5i2ndpMQu_6deacon8commands18read_configuration5testss_29test_read_configuration_basic0B9_
FN:126,_RNCNvNtNtNtCs3h5i2ndpMQu_6deacon8commands18read_configuration5testss_33test_read_configuration_not_found0B9_
FN:103,_RNCNvNtNtNtCs3h5i2ndpMQu_6deacon8commands18read_configuration5testss_38test_read_configuration_with_variables0B9_
FN:81,_RNvNtNtNtCs3h5i2ndpMQu_6deacon8commands18read_configuration5testss_29test_read_configuration_basic
FN:126,_RNvNtNtNtCs3h5i2ndpMQu_6deacon8commands18read_configuration5testss_33test_read_configuration_not_found
FN:103,_RNvNtNtNtCs3h5i2ndpMQu_6deacon8commands18read_configuration5testss_38test_read_configuration_with_variables
FN:24,_RNCNvNtNtCs3h5i2ndpMQu_6deacon8commands18read_configuration26execute_read_configuration0B7_
FN:81,_RNvNtNtNtCsg3KGOJsATZq_6deacon8commands18read_configuration5testss_29test_read_configuration_basic
FN:126,_RNvNtNtNtCsg3KGOJsATZq_6deacon8commands18read_configuration5testss_33test_read_configuration_not_found
FN:103,_RNvNtNtNtCsg3KGOJsATZq_6deacon8commands18read_configuration5testss_38test_read_configuration_with_variables
FN:24,_RNCNvNtNtCsg3KGOJsATZq_6deacon8commands18read_configuration26execute_read_configuration0B7_
FN:81,_RNCNvNtNtNtCsg3KGOJsATZq_6deacon8commands18read_configuration5testss_29test_read_configuration_basic0B9_
FN:126,_RNCNvNtNtNtCsg3KGOJsATZq_6deacon8commands18read_configuration5testss_33test_read_configuration_not_found0B9_
FN:103,_RNCNvNtNtNtCsg3KGOJsATZq_6deacon8commands18read_configuration5testss_38test_read_configuration_with_variables0B9_
FN:24,_RNvNtNtCsg3KGOJsATZq_6deacon8commands18read_configuration26execute_read_configuration
FNDA:10,_RNvNtNtCsgueokGkgs2b_6deacon8commands18read_configuration26execute_read_configuration
FNDA:10,_RNCNvNtNtCsgueokGkgs2b_6deacon8commands18read_configuration26execute_read_configuration0B7_
FNDA:3,_RNvNtNtCs3h5i2ndpMQu_6deacon8commands18read_configuration26execute_read_configuration
FNDA:1,_RNCNvNtNtNtCs3h5i2ndpMQu_6deacon8commands18read_configuration5testss_29test_read_configuration_basic0B9_
FNDA:1,_RNCNvNtNtNtCs3h5i2ndpMQu_6deacon8commands18read_configuration5testss_33test_read_configuration_not_found0B9_
FNDA:1,_RNCNvNtNtNtCs3h5i2ndpMQu_6deacon8commands18read_configuration5testss_38test_read_configuration_with_variables0B9_
FNDA:1,_RNvNtNtNtCs3h5i2ndpMQu_6deacon8commands18read_configuration5testss_29test_read_configuration_basic
FNDA:1,_RNvNtNtNtCs3h5i2ndpMQu_6deacon8commands18read_configuration5testss_33test_read_configuration_not_found
FNDA:1,_RNvNtNtNtCs3h5i2ndpMQu_6deacon8commands18read_configuration5testss_38test_read_configuration_with_variables
FNDA:3,_RNCNvNtNtCs3h5i2ndpMQu_6deacon8commands18read_configuration26execute_read_configuration0B7_
FNDA:1,_RNvNtNtNtCsg3KGOJsATZq_6deacon8commands18read_configuration5testss_29test_read_configuration_basic
FNDA:1,_RNvNtNtNtCsg3KGOJsATZq_6deacon8commands18read_configuration5testss_33test_read_configuration_not_found
FNDA:1,_RNvNtNtNtCsg3KGOJsATZq_6deacon8commands18read_configuration5testss_38test_read_configuration_with_variables
FNDA:3,_RNCNvNtNtCsg3KGOJsATZq_6deacon8commands18read_configuration26execute_read_configuration0B7_
FNDA:1,_RNCNvNtNtNtCsg3KGOJsATZq_6deacon8commands18read_configuration5testss_29test_read_configuration_basic0B9_
FNDA:1,_RNCNvNtNtNtCsg3KGOJsATZq_6deacon8commands18read_configuration5testss_33test_read_configuration_not_found0B9_
FNDA:1,_RNCNvNtNtNtCsg3KGOJsATZq_6deacon8commands18read_configuration5testss_38test_read_configuration_with_variables0B9_
FNDA:3,_RNvNtNtCsg3KGOJsATZq_6deacon8commands18read_configuration26execute_read_configuration
FNF:8
FNH:8
DA:24,16
DA:72,16
DA:81,2
DA:82,2
DA:83,2
DA:85,2
DA:86,2
DA:87,2
DA:88,2
DA:90,2
DA:92,2
DA:93,2
DA:94,2
DA:95,2
DA:96,2
DA:98,2
DA:99,2
DA:100,2
DA:103,2
DA:104,2
DA:105,2
DA:107,2
DA:108,2
DA:109,2
DA:110,2
DA:111,2
DA:113,2
DA:115,2
DA:116,2
DA:117,2
DA:118,2
DA:119,2
DA:121,2
DA:122,2
DA:123,2
DA:126,2
DA:127,2
DA:129,2
DA:130,2
DA:131,2
DA:132,2
DA:133,2
DA:135,2
DA:136,2
DA:137,2
BRF:0
BRH:0
LF:52
LH:52
end_of_record
SF:/home/runner/work/deacon/deacon/crates/deacon/src/commands/up.rs
FN:29,_RNvNtNtCsgueokGkgs2b_6deacon8commands2up10execute_up
FN:276,_RNvNtNtCsgueokGkgs2b_6deacon8commands2up18apply_user_mapping
FN:63,_RNvNtNtCsgueokGkgs2b_6deacon8commands2up18execute_compose_up
FN:233,_RNvNtNtCsgueokGkgs2b_6deacon8commands2up18handle_port_events
FN:115,_RNvNtNtCsgueokGkgs2b_6deacon8commands2up20execute_container_up
FN:406,_RNvNtNtCsgueokGkgs2b_6deacon8commands2up24commands_from_json_value
FN:334,_RNvNtNtCsgueokGkgs2b_6deacon8commands2up26execute_lifecycle_commands
FN:179,_RNvNtNtCsgueokGkgs2b_6deacon8commands2up27execute_compose_post_create
FN:442,_RNvNtNtCsgueokGkgs2b_6deacon8commands2up28handle_container_port_events
FN:312,_RNCNCNCNvNtNtCsgueokGkgs2b_6deacon8commands2up18apply_user_mapping000Bb_
FN:356,_RNCNCNCNvNtNtCsgueokGkgs2b_6deacon8commands2up26execute_lifecycle_commands000Bb_
FN:367,_RNCNCNCNvNtNtCsgueokGkgs2b_6deacon8commands2up26execute_lifecycle_commands00s_0Bb_
FN:29,_RNCNvNtNtCsgueokGkgs2b_6deacon8commands2up10execute_up0B7_
FN:280,_RNCNvNtNtCsgueokGkgs2b_6deacon8commands2up18apply_user_mapping0B7_
FN:67,_RNCNvNtNtCsgueokGkgs2b_6deacon8commands2up18execute_compose_up0B7_
FN:233,_RNCNvNtNtCsgueokGkgs2b_6deacon8commands2up18handle_port_events0B7_
FN:119,_RNCNvNtNtCsgueokGkgs2b_6deacon8commands2up20execute_container_up0B7_
FN:339,_RNCNvNtNtCsgueokGkgs2b_6deacon8commands2up26execute_lifecycle_commands0B7_
FN:182,_RNCNvNtNtCsgueokGkgs2b_6deacon8commands2up27execute_compose_post_create0B7_
FN:445,_RNCNvNtNtCsgueokGkgs2b_6deacon8commands2up28handle_container_port_events0B7_
FN:406,_RNvNtNtCs3h5i2ndpMQu_6deacon8commands2up24commands_from_json_value
FN:312,_RNCNCNCNvNtNtCs3h5i2ndpMQu_6deacon8commands2up18apply_user_mapping000Bb_
FN:356,_RNCNCNCNvNtNtCs3h5i2ndpMQu_6deacon8commands2up26execute_lifecycle_commands000Bb_
FN:367,_RNCNCNCNvNtNtCs3h5i2ndpMQu_6deacon8commands2up26execute_lifecycle_commands00s_0Bb_
FN:29,_RNCNvNtNtCs3h5i2ndpMQu_6deacon8commands2up10execute_up0B7_
FN:280,_RNCNvNtNtCs3h5i2ndpMQu_6deacon8commands2up18apply_user_mapping0B7_
FN:67,_RNCNvNtNtCs3h5i2ndpMQu_6deacon8commands2up18execute_compose_up0B7_
FN:233,_RNCNvNtNtCs3h5i2ndpMQu_6deacon8commands2up18handle_port_events0B7_
FN:119,_RNCNvNtNtCs3h5i2ndpMQu_6deacon8commands2up20execute_container_up0B7_
FN:339,_RNCNvNtNtCs3h5i2ndpMQu_6deacon8commands2up26execute_lifecycle_commands0B7_
FN:182,_RNCNvNtNtCs3h5i2ndpMQu_6deacon8commands2up27execute_compose_post_create0B7_
FN:445,_RNCNvNtNtCs3h5i2ndpMQu_6deacon8commands2up28handle_container_port_events0B7_
FN:29,_RNvNtNtCs3h5i2ndpMQu_6deacon8commands2up10execute_up
FN:276,_RNvNtNtCs3h5i2ndpMQu_6deacon8commands2up18apply_user_mapping
FN:63,_RNvNtNtCs3h5i2ndpMQu_6deacon8commands2up18execute_compose_up
FN:233,_RNvNtNtCs3h5i2ndpMQu_6deacon8commands2up18handle_port_events
FN:115,_RNvNtNtCs3h5i2ndpMQu_6deacon8commands2up20execute_container_up
FN:334,_RNvNtNtCs3h5i2ndpMQu_6deacon8commands2up26execute_lifecycle_commands
FN:179,_RNvNtNtCs3h5i2ndpMQu_6deacon8commands2up27execute_compose_post_create
FN:442,_RNvNtNtCs3h5i2ndpMQu_6deacon8commands2up28handle_container_port_events
FN:485,_RNvNtNtNtCs3h5i2ndpMQu_6deacon8commands2up5testss_21test_up_args_creation
FN:525,_RNvNtNtNtCs3h5i2ndpMQu_6deacon8commands2up5testss_27test_up_args_with_all_flags
FN:542,_RNvNtNtNtCs3h5i2ndpMQu_6deacon8commands2up5testss_29test_compose_config_detection
FN:582,_RNvNtNtNtCs3h5i2ndpMQu_6deacon8commands2up5testss_33test_traditional_config_detection
FN:511,_RNvNtNtNtCs3h5i2ndpMQu_6deacon8commands2up5testss_35test_commands_from_json_value_array
FN:504,_RNvNtNtNtCs3h5i2ndpMQu_6deacon8commands2up5testss_36test_commands_from_json_value_string
FN:518,_RNvNtNtNtCs3h5i2ndpMQu_6deacon8commands2up5testss_37test_commands_from_json_value_invalid
FN:312,_RNCNCNCNvNtNtCsg3KGOJsATZq_6deacon8commands2up18apply_user_mapping000Bb_
FN:356,_RNCNCNCNvNtNtCsg3KGOJsATZq_6deacon8commands2up26execute_lifecycle_commands000Bb_
FN:367,_RNCNCNCNvNtNtCsg3KGOJsATZq_6deacon8commands2up26execute_lifecycle_commands00s_0Bb_
FN:29,_RNCNvNtNtCsg3KGOJsATZq_6deacon8commands2up10execute_up0B7_
FN:280,_RNCNvNtNtCsg3KGOJsATZq_6deacon8commands2up18apply_user_mapping0B7_
FN:67,_RNCNvNtNtCsg3KGOJsATZq_6deacon8commands2up18execute_compose_up0B7_
FN:233,_RNCNvNtNtCsg3KGOJsATZq_6deacon8commands2up18handle_port_events0B7_
FN:119,_RNCNvNtNtCsg3KGOJsATZq_6deacon8commands2up20execute_container_up0B7_
FN:339,_RNCNvNtNtCsg3KGOJsATZq_6deacon8commands2up26execute_lifecycle_commands0B7_
FN:182,_RNCNvNtNtCsg3KGOJsATZq_6deacon8commands2up27execute_compose_post_create0B7_
FN:445,_RNCNvNtNtCsg3KGOJsATZq_6deacon8commands2up28handle_container_port_events0B7_
FN:29,_RNvNtNtCsg3KGOJsATZq_6deacon8commands2up10execute_up
FN:276,_RNvNtNtCsg3KGOJsATZq_6deacon8commands2up18apply_user_mapping
FN:63,_RNvNtNtCsg3KGOJsATZq_6deacon8commands2up18execute_compose_up
FN:233,_RNvNtNtCsg3KGOJsATZq_6deacon8commands2up18handle_port_events
FN:115,_RNvNtNtCsg3KGOJsATZq_6deacon8commands2up20execute_container_up
FN:334,_RNvNtNtCsg3KGOJsATZq_6deacon8commands2up26execute_lifecycle_commands
FN:179,_RNvNtNtCsg3KGOJsATZq_6deacon8commands2up27execute_compose_post_create
FN:442,_RNvNtNtCsg3KGOJsATZq_6deacon8commands2up28handle_container_port_events
FN:485,_RNvNtNtNtCsg3KGOJsATZq_6deacon8commands2up5testss_21test_up_args_creation
FN:525,_RNvNtNtNtCsg3KGOJsATZq_6deacon8commands2up5testss_27test_up_args_with_all_flags
FN:542,_RNvNtNtNtCsg3KGOJsATZq_6deacon8commands2up5testss_29test_compose_config_detection
FN:582,_RNvNtNtNtCsg3KGOJsATZq_6deacon8commands2up5testss_33test_traditional_config_detection
FN:511,_RNvNtNtNtCsg3KGOJsATZq_6deacon8commands2up5testss_35test_commands_from_json_value_array
FN:504,_RNvNtNtNtCsg3KGOJsATZq_6deacon8commands2up5testss_36test_commands_from_json_value_string
FN:518,_RNvNtNtNtCsg3KGOJsATZq_6deacon8commands2up5testss_37test_commands_from_json_value_invalid
FN:406,_RNvNtNtCsg3KGOJsATZq_6deacon8commands2up24commands_from_json_value
FNDA:5,_RNvNtNtCsgueokGkgs2b_6deacon8commands2up10execute_up
FNDA:1,_RNvNtNtCsgueokGkgs2b_6deacon8commands2up18apply_user_mapping
FNDA:1,_RNvNtNtCsgueokGkgs2b_6deacon8commands2up18execute_compose_up
FNDA:0,_RNvNtNtCsgueokGkgs2b_6deacon8commands2up18handle_port_events
FNDA:2,_RNvNtNtCsgueokGkgs2b_6deacon8commands2up20execute_container_up
FNDA:2,_RNvNtNtCsgueokGkgs2b_6deacon8commands2up24commands_from_json_value
FNDA:2,_RNvNtNtCsgueokGkgs2b_6deacon8commands2up26execute_lifecycle_commands
FNDA:0,_RNvNtNtCsgueokGkgs2b_6deacon8commands2up27execute_compose_post_create
FNDA:1,_RNvNtNtCsgueokGkgs2b_6deacon8commands2up28handle_container_port_events
FNDA:0,_RNCNCNCNvNtNtCsgueokGkgs2b_6deacon8commands2up18apply_user_mapping000Bb_
FNDA:1,_RNCNCNCNvNtNtCsgueokGkgs2b_6deacon8commands2up26execute_lifecycle_commands000Bb_
FNDA:1,_RNCNCNCNvNtNtCsgueokGkgs2b_6deacon8commands2up26execute_lifecycle_commands00s_0Bb_
FNDA:5,_RNCNvNtNtCsgueokGkgs2b_6deacon8commands2up10execute_up0B7_
FNDA:1,_RNCNvNtNtCsgueokGkgs2b_6deacon8commands2up18apply_user_mapping0B7_
FNDA:1,_RNCNvNtNtCsgueokGkgs2b_6deacon8commands2up18execute_compose_up0B7_
FNDA:0,_RNCNvNtNtCsgueokGkgs2b_6deacon8commands2up18handle_port_events0B7_
FNDA:2,_RNCNvNtNtCsgueokGkgs2b_6deacon8commands2up20execute_container_up0B7_
FNDA:2,_RNCNvNtNtCsgueokGkgs2b_6deacon8commands2up26execute_lifecycle_commands0B7_
FNDA:0,_RNCNvNtNtCsgueokGkgs2b_6deacon8commands2up27execute_compose_post_create0B7_
FNDA:1,_RNCNvNtNtCsgueokGkgs2b_6deacon8commands2up28handle_container_port_events0B7_
FNDA:3,_RNvNtNtCs3h5i2ndpMQu_6deacon8commands2up24commands_from_json_value
FNDA:0,_RNCNCNCNvNtNtCs3h5i2ndpMQu_6deacon8commands2up18apply_user_mapping000Bb_
FNDA:0,_RNCNCNCNvNtNtCs3h5i2ndpMQu_6deacon8commands2up26execute_lifecycle_commands000Bb_
FNDA:0,_RNCNCNCNvNtNtCs3h5i2ndpMQu_6deacon8commands2up26execute_lifecycle_commands00s_0Bb_
FNDA:0,_RNCNvNtNtCs3h5i2ndpMQu_6deacon8commands2up10execute_up0B7_
FNDA:0,_RNCNvNtNtCs3h5i2ndpMQu_6deacon8commands2up18apply_user_mapping0B7_
FNDA:0,_RNCNvNtNtCs3h5i2ndpMQu_6deacon8commands2up18execute_compose_up0B7_
FNDA:0,_RNCNvNtNtCs3h5i2ndpMQu_6deacon8commands2up18handle_port_events0B7_
FNDA:0,_RNCNvNtNtCs3h5i2ndpMQu_6deacon8commands2up20execute_container_up0B7_
FNDA:0,_RNCNvNtNtCs3h5i2ndpMQu_6deacon8commands2up26execute_lifecycle_commands0B7_
FNDA:0,_RNCNvNtNtCs3h5i2ndpMQu_6deacon8commands2up27execute_compose_post_create0B7_
FNDA:0,_RNCNvNtNtCs3h5i2ndpMQu_6deacon8commands2up28handle_container_port_events0B7_
FNDA:0,_RNvNtNtCs3h5i2ndpMQu_6deacon8commands2up10execute_up
FNDA:0,_RNvNtNtCs3h5i2ndpMQu_6deacon8commands2up18apply_user_mapping
FNDA:0,_RNvNtNtCs3h5i2ndpMQu_6deacon8commands2up18execute_compose_up
FNDA:0,_RNvNtNtCs3h5i2ndpMQu_6deacon8commands2up18handle_port_events
FNDA:0,_RNvNtNtCs3h5i2ndpMQu_6deacon8commands2up20execute_container_up
FNDA:0,_RNvNtNtCs3h5i2ndpMQu_6deacon8commands2up26execute_lifecycle_commands
FNDA:0,_RNvNtNtCs3h5i2ndpMQu_6deacon8commands2up27execute_compose_post_create
FNDA:0,_RNvNtNtCs3h5i2ndpMQu_6deacon8commands2up28handle_container_port_events
FNDA:1,_RNvNtNtNtCs3h5i2ndpMQu_6deacon8commands2up5testss_21test_up_args_creation
FNDA:1,_RNvNtNtNtCs3h5i2ndpMQu_6deacon8commands2up5testss_27test_up_args_with_all_flags
FNDA:1,_RNvNtNtNtCs3h5i2ndpMQu_6deacon8commands2up5testss_29test_compose_config_detection
FNDA:1,_RNvNtNtNtCs3h5i2ndpMQu_6deacon8commands2up5testss_33test_traditional_config_detection
FNDA:1,_RNvNtNtNtCs3h5i2ndpMQu_6deacon8commands2up5testss_35test_commands_from_json_value_array
FNDA:1,_RNvNtNtNtCs3h5i2ndpMQu_6deacon8commands2up5testss_36test_commands_from_json_value_string
FNDA:1,_RNvNtNtNtCs3h5i2ndpMQu_6deacon8commands2up5testss_37test_commands_from_json_value_invalid
FNDA:0,_RNCNCNCNvNtNtCsg3KGOJsATZq_6deacon8commands2up18apply_user_mapping000Bb_
FNDA:0,_RNCNCNCNvNtNtCsg3KGOJsATZq_6deacon8commands2up26execute_lifecycle_commands000Bb_
FNDA:0,_RNCNCNCNvNtNtCsg3KGOJsATZq_6deacon8commands2up26execute_lifecycle_commands00s_0Bb_
FNDA:0,_RNCNvNtNtCsg3KGOJsATZq_6deacon8commands2up10execute_up0B7_
FNDA:0,_RNCNvNtNtCsg3KGOJsATZq_6deacon8commands2up18apply_user_mapping0B7_
FNDA:0,_RNCNvNtNtCsg3KGOJsATZq_6deacon8commands2up18execute_compose_up0B7_
FNDA:0,_RNCNvNtNtCsg3KGOJsATZq_6deacon8commands2up18handle_port_events0B7_
FNDA:0,_RNCNvNtNtCsg3KGOJsATZq_6deacon8commands2up20execute_container_up0B7_
FNDA:0,_RNCNvNtNtCsg3KGOJsATZq_6deacon8commands2up26execute_lifecycle_commands0B7_
FNDA:0,_RNCNvNtNtCsg3KGOJsATZq_6deacon8commands2up27execute_compose_post_create0B7_
FNDA:0,_RNCNvNtNtCsg3KGOJsATZq_6deacon8commands2up28handle_container_port_events0B7_
FNDA:0,_RNvNtNtCsg3KGOJsATZq_6deacon8commands2up10execute_up
FNDA:0,_RNvNtNtCsg3KGOJsATZq_6deacon8commands2up18apply_user_mapping
FNDA:0,_RNvNtNtCsg3KGOJsATZq_6deacon8commands2up18execute_compose_up
FNDA:0,_RNvNtNtCsg3KGOJsATZq_6deacon8commands2up18handle_port_events
FNDA:0,_RNvNtNtCsg3KGOJsATZq_6deacon8commands2up20execute_container_up
FNDA:0,_RNvNtNtCsg3KGOJsATZq_6deacon8commands2up26execute_lifecycle_commands
FNDA:0,_RNvNtNtCsg3KGOJsATZq_6deacon8commands2up27execute_compose_post_create
FNDA:0,_RNvNtNtCsg3KGOJsATZq_6deacon8commands2up28handle_container_port_events
FNDA:1,_RNvNtNtNtCsg3KGOJsATZq_6deacon8commands2up5testss_21test_up_args_creation
FNDA:1,_RNvNtNtNtCsg3KGOJsATZq_6deacon8commands2up5testss_27test_up_args_with_all_flags
FNDA:1,_RNvNtNtNtCsg3KGOJsATZq_6deacon8commands2up5testss_29test_compose_config_detection
FNDA:1,_RNvNtNtNtCsg3KGOJsATZq_6deacon8commands2up5testss_33test_traditional_config_detection
FNDA:1,_RNvNtNtNtCsg3KGOJsATZq_6deacon8commands2up5testss_35test_commands_from_json_value_array
FNDA:1,_RNvNtNtNtCsg3KGOJsATZq_6deacon8commands2up5testss_36test_commands_from_json_value_string
FNDA:1,_RNvNtNtNtCsg3KGOJsATZq_6deacon8commands2up5testss_37test_commands_from_json_value_invalid
FNDA:3,_RNvNtNtCsg3KGOJsATZq_6deacon8commands2up24commands_from_json_value
FNF:27
FNH:22
DA:29,5
DA:59,5
DA:63,1
DA:64,1
DA:65,1
DA:66,1
DA:67,1
DA:111,1
DA:115,2
DA:116,2
DA:117,2
DA:118,2
DA:119,2
DA:175,2
DA:179,0
DA:180,0
DA:181,0
DA:182,0
DA:229,0
DA:233,0
DA:272,0
DA:276,1
DA:277,1
DA:278,1
DA:279,1
DA:280,1
DA:312,0
DA:330,1
DA:334,2
DA:335,2
DA:336,2
DA:337,2
DA:338,2
DA:339,2
DA:351,2
DA:356,1
DA:367,1
DA:377,2
DA:381,2
DA:385,2
DA:389,2
DA:403,2
DA:406,8
DA:407,8
DA:408,3
DA:409,3
DA:410,3
DA:411,9
DA:412,6
DA:413,6
DA:414,6
DA:415,0
DA:416,0
DA:417,0
DA:418,0
DA:419,0
DA:420,0
DA:421,0
DA:422,0
DA:423,0
DA:426,3
DA:428,2
DA:429,2
DA:430,2
DA:431,2
DA:432,2
DA:433,2
DA:434,2
DA:435,2
DA:436,2
DA:438,8
DA:442,1
DA:443,1
DA:444,1
DA:445,1
DA:475,1
DA:485,2
DA:486,2
DA:487,2
DA:488,2
DA:489,2
DA:490,2
DA:491,2
DA:492,2
DA:493,2
DA:495,2
DA:496,2
DA:497,2
DA:498,2
DA:499,2
DA:500,2
DA:501,2
DA:504,2
DA:505,2
DA:506,2
DA:507,2
DA:508,2
DA:511,2
DA:512,2
DA:513,2
DA:514,2
DA:515,2
DA:518,2
DA:519,2
DA:520,2
DA:521,2
DA:522,2
DA:525,2
DA:526,2
DA:527,2
DA:528,2
DA:529,2
DA:530,2
DA:531,2
DA:532,2
DA:533,2
DA:535,2
DA:536,2
DA:537,2
DA:538,2
DA:539,2
DA:542,2
DA:543,2
DA:544,2
DA:545,2
DA:546,2
DA:547,2
DA:548,2
DA:549,2
DA:550,2
DA:551,2
DA:552,2
DA:553,2
DA:554,2
DA:555,2
DA:556,2
DA:557,2
DA:558,2
DA:559,2
DA:560,2
DA:561,2
DA:562,2
DA:563,2
DA:564,2
DA:565,2
DA:566,2
DA:567,2
DA:568,2
DA:569,2
DA:570,2
DA:571,2
DA:572,2
DA:573,2
DA:574,2
DA:575,2
DA:577,2
DA:578,2
DA:579,2
DA:582,2
DA:583,2
DA:584,2
DA:585,2
DA:586,2
DA:587,2
DA:588,2
DA:589,2
DA:590,2
DA:591,2
DA:592,2
DA:593,2
DA:594,2
DA:595,2
DA:596,2
DA:597,2
DA:598,2
DA:599,2
DA:600,2
DA:601,2
DA:602,2
DA:603,2
DA:604,2
DA:605,2
DA:606,2
DA:607,2
DA:608,2
DA:609,2
DA:610,2
DA:611,2
DA:612,2
DA:613,2
DA:614,2
DA:615,2
DA:617,2
DA:618,2
DA:619,2
BRF:0
BRH:0
LF:203
LH:184
end_of_record
SF:/home/runner/work/deacon/deacon/crates/deacon/src/main.rs
FN:8,_RNvCsgueokGkgs2b_6deacon4main
FN:8,_RNCNvCsgueokGkgs2b_6deacon4main0B3_
FN:8,_RNCNvCs3h5i2ndpMQu_6deacon4main0B3_
FN:8,_RNvCs3h5i2ndpMQu_6deacon4main
FNDA:41,_RNvCsgueokGkgs2b_6deacon4main
FNDA:41,_RNCNvCsgueokGkgs2b_6deacon4main0B3_
FNDA:0,_RNCNvCs3h5i2ndpMQu_6deacon4main0B3_
FNDA:0,_RNvCs3h5i2ndpMQu_6deacon4main
FNF:2
FNH:2
DA:8,41
DA:10,41
DA:13,41
DA:14,41
DA:15,41
DA:16,41
DA:17,41
DA:18,41
DA:19,41
DA:20,41
DA:21,41
DA:22,41
DA:23,41
DA:24,41
DA:25,41
DA:26,41
DA:27,41
DA:28,41
DA:29,41
DA:30,41
DA:31,41
DA:32,41
DA:33,41
BRF:0
BRH:0
LF:35
LH:33
end_of_record